<?xml version="1.0" encoding="UTF-8"?>
<testsuite xmlns:xsi="http://www.w3.org/2001/XMLSchema-instance" xsi:noNamespaceSchemaLocation="https://maven.apache.org/surefire/maven-surefire-plugin/xsd/surefire-test-report.xsd" name="testHomePage.TestMainPage" time="1.197" tests="21" errors="0" skipped="20" failures="1">
  <properties>
[...]
</properties>
  <testcase name="setup" classname="testHomePage.TestMainPage" time="1.022">
    <failure message="The driver executable does not exist: /Users/alrafifahd96gmail.com/Desktop/GroupFrameworkTeam11/ebay/C:\Users\orfat\Desktop\GroupFrameworkTeam11\Generic\Driver\chromedriver.exe" type="java.lang.IllegalStateException">java.lang.IllegalStateException: The driver executable does not exist: /Users/alrafifahd96gmail.com/Desktop/GroupFrameworkTeam11/ebay/C:\Users\orfat\Desktop\GroupFrameworkTeam11\Generic\Driver\chromedriver.exe
</failure>
  </testcase>
  <testcase name="setup" classname="testHomePage.TestMainPage" time="0">
    <skipped/>
  </testcase>
  <testcase name="setup" classname="testHomePage.TestMainPage" time="0">
    <skipped/>
  </testcase>
  <testcase name="setup" classname="testHomePage.TestMainPage" time="0">
    <skipped/>
  </testcase>
  <testcase name="startExtent" classname="testHomePage.TestMainPage" time="0">
    <skipped/>
  </testcase>
  <testcase name="startExtent" classname="testHomePage.TestMainPage" time="0">
    <skipped/>
  </testcase>
  <testcase name="startExtent" classname="testHomePage.TestMainPage" time="0">
    <skipped/>
  </testcase>
  <testcase name="startExtent" classname="testHomePage.TestMainPage" time="0">
    <skipped/>
  </testcase>
  <testcase name="initElements" classname="testHomePage.TestMainPage" time="0">
    <skipped/>
  </testcase>
  <testcase name="initElements" classname="testHomePage.TestMainPage" time="0">
    <skipped/>
  </testcase>
  <testcase name="initElements" classname="testHomePage.TestMainPage" time="0">
    <skipped/>
  </testcase>
  <testcase name="initElements" classname="testHomePage.TestMainPage" time="0">
    <skipped/>
  </testcase>
  <testcase name="testfindDeals" classname="testHomePage.TestMainPage" time="0">
    <skipped message="The driver executable does not exist: /Users/alrafifahd96gmail.com/Desktop/GroupFrameworkTeam11/ebay/C:\Users\orfat\Desktop\GroupFrameworkTeam11\Generic\Driver\chromedriver.exe"/>
  </testcase>
  <testcase name="afterEachTestMethod" classname="testHomePage.TestMainPage" time="0">
    <skipped/>
  </testcase>
  <testcase name="afterEachTestMethod" classname="testHomePage.TestMainPage" time="0">
    <skipped/>
  </testcase>
  <testcase name="afterEachTestMethod" classname="testHomePage.TestMainPage" time="0">
    <skipped/>
  </testcase>
  <testcase name="afterEachTestMethod" classname="testHomePage.TestMainPage" time="0">
    <skipped/>
  </testcase>
  <testcase name="testfindElectronics" classname="testHomePage.TestMainPage" time="0">
    <skipped message="The driver executable does not exist: /Users/alrafifahd96gmail.com/Desktop/GroupFrameworkTeam11/ebay/C:\Users\orfat\Desktop\GroupFrameworkTeam11\Generic\Driver\chromedriver.exe"/>
  </testcase>
  <testcase name="testsearchButton" classname="testHomePage.TestMainPage" time="0">
    <skipped message="The driver executable does not exist: /Users/alrafifahd96gmail.com/Desktop/GroupFrameworkTeam11/ebay/C:\Users\orfat\Desktop\GroupFrameworkTeam11\Generic\Driver\chromedriver.exe"/>
  </testcase>
  <testcase name="testsearchPhone" classname="testHomePage.TestMainPage" time="0">
    <skipped message="The driver executable does not exist: /Users/alrafifahd96gmail.com/Desktop/GroupFrameworkTeam11/ebay/C:\Users\orfat\Desktop\GroupFrameworkTeam11\Generic\Driver\chromedriver.exe"/>
  </testcase>
  <testcase name="generateReport" classname="testHomePage.TestMainPage" time="0">
    <skipped/>
  </testcase>
</testsuite>