<?xml version="1.0" encoding="UTF-8"?>
<testsuite xmlns:xsi="http://www.w3.org/2001/XMLSchema-instance" xsi:noNamespaceSchemaLocation="https://maven.apache.org/surefire/maven-surefire-plugin/xsd/surefire-test-report-3.0.xsd" version="3.0" name="TestSuite" time="167.811" tests="337" errors="0" skipped="330" failures="1">
  <properties>
[...]
</properties>
  <testcase name="testaboutUs" classname="testhomepage.TestHomePage" time="1.229"/>
  <testcase name="testaccessibility" classname="testhomepage.TestHomePage" time="0.947"/>
  <testcase name="testaccidentInsurance" classname="testhomepage.TestHomePage" time="1.597"/>
  <testcase name="testbrokerLink" classname="testhomepage.TestHomePage" time="0.407"/>
  <testcase name="testbrokerresources" classname="testhomepage.TestHomePage" time="0.577"/>
  <testcase name="testbuttonSearch" classname="testhomepage.TestHomePage" time="0.413"/>
  <testcase name="setUp" classname="testhomepage.TestHomePage" time="35.216">
    <failure message="Could not start Browser / Emulator&#10; Reason: &#10;Could not initialize class org.openqa.selenium.os.Kernel32 (WARNING: The server did not provide any stacktrace information)&#10;Command duration or timeout: 23.71 seconds&#10;Build info: version: &apos;3.141.59&apos;, revision: &apos;e82be7d358&apos;, time: &apos;2018-11-14T08:17:03&apos;&#10;System info: host: &apos;alrafis-Air.lan1&apos;, ip: &apos;2604:2000:1241:489d:0:0:0:29c%en0&apos;, os.name: &apos;Mac OS X&apos;, os.arch: &apos;x86_64&apos;, os.version: &apos;10.14.2&apos;, java.version: &apos;11.0.1&apos;&#10;Driver info: driver.version: RemoteWebDriver" type="org.openqa.selenium.WebDriverException">org.openqa.selenium.WebDriverException: 
Could not start Browser / Emulator
 Reason: 
Could not initialize class org.openqa.selenium.os.Kernel32 (WARNING: The server did not provide any stacktrace information)
Command duration or timeout: 23.71 seconds
Build info: version: '3.141.59', revision: 'e82be7d358', time: '2018-11-14T08:17:03'
System info: host: 'alrafis-Air.lan1', ip: '2604:2000:1241:489d:0:0:0:29c%en0', os.name: 'Mac OS X', os.arch: 'x86_64', os.version: '10.14.2', java.version: '11.0.1'
Driver info: driver.version: RemoteWebDriver
</failure>
  </testcase>
  <testcase name="setUp" classname="testhomepage.TestHomePage" time="0">
    <skipped/>
  </testcase>
  <testcase name="setUp" classname="testhomepage.TestHomePage" time="0">
    <skipped/>
  </testcase>
  <testcase name="setUp" classname="testhomepage.TestHomePage" time="0">
    <skipped/>
  </testcase>
  <testcase name="setUp" classname="testhomepage.TestHomePage" time="0">
    <skipped/>
  </testcase>
  <testcase name="setUp" classname="testhomepage.TestHomePage" time="0">
    <skipped/>
  </testcase>
  <testcase name="setUp" classname="testhomepage.TestHomePage" time="0">
    <skipped/>
  </testcase>
  <testcase name="setUp" classname="testhomepage.TestHomePage" time="0">
    <skipped/>
  </testcase>
  <testcase name="setUp" classname="testhomepage.TestHomePage" time="0">
    <skipped/>
  </testcase>
  <testcase name="setUp" classname="testhomepage.TestHomePage" time="0">
    <skipped/>
  </testcase>
  <testcase name="setUp" classname="testhomepage.TestHomePage" time="0">
    <skipped/>
  </testcase>
  <testcase name="setUp" classname="testhomepage.TestHomePage" time="0">
    <skipped/>
  </testcase>
  <testcase name="setUp" classname="testhomepage.TestHomePage" time="0">
    <skipped/>
  </testcase>
  <testcase name="setUp" classname="testhomepage.TestHomePage" time="0">
    <skipped/>
  </testcase>
  <testcase name="setUp" classname="testhomepage.TestHomePage" time="0">
    <skipped/>
  </testcase>
  <testcase name="setUp" classname="testhomepage.TestHomePage" time="0">
    <skipped/>
  </testcase>
  <testcase name="setUp" classname="testhomepage.TestHomePage" time="0">
    <skipped/>
  </testcase>
  <testcase name="setUp" classname="testhomepage.TestHomePage" time="0">
    <skipped/>
  </testcase>
  <testcase name="setUp" classname="testhomepage.TestHomePage" time="0">
    <skipped/>
  </testcase>
  <testcase name="setUp" classname="testhomepage.TestHomePage" time="0">
    <skipped/>
  </testcase>
  <testcase name="setUp" classname="testhomepage.TestHomePage" time="0">
    <skipped/>
  </testcase>
  <testcase name="setUp" classname="testhomepage.TestHomePage" time="0">
    <skipped/>
  </testcase>
  <testcase name="setUp" classname="testhomepage.TestHomePage" time="0">
    <skipped/>
  </testcase>
  <testcase name="setUp" classname="testhomepage.TestHomePage" time="0">
    <skipped/>
  </testcase>
  <testcase name="setUp" classname="testhomepage.TestHomePage" time="0">
    <skipped/>
  </testcase>
  <testcase name="setUp" classname="testhomepage.TestHomePage" time="0">
    <skipped/>
  </testcase>
  <testcase name="setUp" classname="testhomepage.TestHomePage" time="0">
    <skipped/>
  </testcase>
  <testcase name="setUp" classname="testhomepage.TestHomePage" time="0">
    <skipped/>
  </testcase>
  <testcase name="setUp" classname="testhomepage.TestHomePage" time="0">
    <skipped/>
  </testcase>
  <testcase name="setUp" classname="testhomepage.TestHomePage" time="0">
    <skipped/>
  </testcase>
  <testcase name="setUp" classname="testhomepage.TestHomePage" time="0">
    <skipped/>
  </testcase>
  <testcase name="setUp" classname="testhomepage.TestHomePage" time="0">
    <skipped/>
  </testcase>
  <testcase name="setUp" classname="testhomepage.TestHomePage" time="0">
    <skipped/>
  </testcase>
  <testcase name="setUp" classname="testhomepage.TestHomePage" time="0">
    <skipped/>
  </testcase>
  <testcase name="setUp" classname="testhomepage.TestHomePage" time="0">
    <skipped/>
  </testcase>
  <testcase name="setUp" classname="testhomepage.TestHomePage" time="0">
    <skipped/>
  </testcase>
  <testcase name="setUp" classname="testhomepage.TestHomePage" time="0">
    <skipped/>
  </testcase>
  <testcase name="setUp" classname="testhomepage.TestHomePage" time="0">
    <skipped/>
  </testcase>
  <testcase name="setUp" classname="testhomepage.TestHomePage" time="0">
    <skipped/>
  </testcase>
  <testcase name="setUp" classname="testhomepage.TestHomePage" time="0">
    <skipped/>
  </testcase>
  <testcase name="setUp" classname="testhomepage.TestHomePage" time="0">
    <skipped/>
  </testcase>
  <testcase name="setUp" classname="testhomepage.TestHomePage" time="0">
    <skipped/>
  </testcase>
  <testcase name="setUp" classname="testhomepage.TestHomePage" time="0">
    <skipped/>
  </testcase>
  <testcase name="setUp" classname="testhomepage.TestHomePage" time="0">
    <skipped/>
  </testcase>
  <testcase name="setUp" classname="testhomepage.TestHomePage" time="0">
    <skipped/>
  </testcase>
  <testcase name="setUp" classname="testhomepage.TestHomePage" time="0">
    <skipped/>
  </testcase>
  <testcase name="setUp" classname="testhomepage.TestHomePage" time="0">
    <skipped/>
  </testcase>
  <testcase name="setUp" classname="testhomepage.TestHomePage" time="0">
    <skipped/>
  </testcase>
  <testcase name="setUp" classname="testhomepage.TestHomePage" time="0">
    <skipped/>
  </testcase>
  <testcase name="setUp" classname="testhomepage.TestHomePage" time="0">
    <skipped/>
  </testcase>
  <testcase name="setUp" classname="testhomepage.TestHomePage" time="0">
    <skipped/>
  </testcase>
  <testcase name="setUp" classname="testhomepage.TestHomePage" time="0">
    <skipped/>
  </testcase>
  <testcase name="setUp" classname="testhomepage.TestHomePage" time="0">
    <skipped/>
  </testcase>
  <testcase name="setUp" classname="testhomepage.TestHomePage" time="0">
    <skipped/>
  </testcase>
  <testcase name="setUp" classname="testhomepage.TestHomePage" time="0">
    <skipped/>
  </testcase>
  <testcase name="setUp" classname="testhomepage.TestHomePage" time="0">
    <skipped/>
  </testcase>
  <testcase name="setUp" classname="testhomepage.TestHomePage" time="0">
    <skipped/>
  </testcase>
  <testcase name="setUp" classname="testhomepage.TestHomePage" time="0">
    <skipped/>
  </testcase>
  <testcase name="setUp" classname="testhomepage.TestHomePage" time="0">
    <skipped/>
  </testcase>
  <testcase name="setUp" classname="testhomepage.TestHomePage" time="0">
    <skipped/>
  </testcase>
  <testcase name="setUp" classname="testhomepage.TestHomePage" time="0">
    <skipped/>
  </testcase>
  <testcase name="setUp" classname="testhomepage.TestHomePage" time="0">
    <skipped/>
  </testcase>
  <testcase name="setUp" classname="testhomepage.TestHomePage" time="0">
    <skipped/>
  </testcase>
  <testcase name="setUp" classname="testhomepage.TestHomePage" time="0">
    <skipped/>
  </testcase>
  <testcase name="setUp" classname="testhomepage.TestHomePage" time="0">
    <skipped/>
  </testcase>
  <testcase name="setUp" classname="testhomepage.TestHomePage" time="0">
    <skipped/>
  </testcase>
  <testcase name="startExtent" classname="testhomepage.TestHomePage" time="0">
    <skipped/>
  </testcase>
  <testcase name="startExtent" classname="testhomepage.TestHomePage" time="0">
    <skipped/>
  </testcase>
  <testcase name="startExtent" classname="testhomepage.TestHomePage" time="0">
    <skipped/>
  </testcase>
  <testcase name="startExtent" classname="testhomepage.TestHomePage" time="0">
    <skipped/>
  </testcase>
  <testcase name="startExtent" classname="testhomepage.TestHomePage" time="0">
    <skipped/>
  </testcase>
  <testcase name="startExtent" classname="testhomepage.TestHomePage" time="0">
    <skipped/>
  </testcase>
  <testcase name="startExtent" classname="testhomepage.TestHomePage" time="0">
    <skipped/>
  </testcase>
  <testcase name="startExtent" classname="testhomepage.TestHomePage" time="0">
    <skipped/>
  </testcase>
  <testcase name="startExtent" classname="testhomepage.TestHomePage" time="0">
    <skipped/>
  </testcase>
  <testcase name="startExtent" classname="testhomepage.TestHomePage" time="0">
    <skipped/>
  </testcase>
  <testcase name="startExtent" classname="testhomepage.TestHomePage" time="0">
    <skipped/>
  </testcase>
  <testcase name="startExtent" classname="testhomepage.TestHomePage" time="0">
    <skipped/>
  </testcase>
  <testcase name="startExtent" classname="testhomepage.TestHomePage" time="0">
    <skipped/>
  </testcase>
  <testcase name="startExtent" classname="testhomepage.TestHomePage" time="0">
    <skipped/>
  </testcase>
  <testcase name="startExtent" classname="testhomepage.TestHomePage" time="0">
    <skipped/>
  </testcase>
  <testcase name="startExtent" classname="testhomepage.TestHomePage" time="0">
    <skipped/>
  </testcase>
  <testcase name="startExtent" classname="testhomepage.TestHomePage" time="0">
    <skipped/>
  </testcase>
  <testcase name="startExtent" classname="testhomepage.TestHomePage" time="0">
    <skipped/>
  </testcase>
  <testcase name="startExtent" classname="testhomepage.TestHomePage" time="0">
    <skipped/>
  </testcase>
  <testcase name="startExtent" classname="testhomepage.TestHomePage" time="0">
    <skipped/>
  </testcase>
  <testcase name="startExtent" classname="testhomepage.TestHomePage" time="0">
    <skipped/>
  </testcase>
  <testcase name="startExtent" classname="testhomepage.TestHomePage" time="0">
    <skipped/>
  </testcase>
  <testcase name="startExtent" classname="testhomepage.TestHomePage" time="0">
    <skipped/>
  </testcase>
  <testcase name="startExtent" classname="testhomepage.TestHomePage" time="0">
    <skipped/>
  </testcase>
  <testcase name="startExtent" classname="testhomepage.TestHomePage" time="0">
    <skipped/>
  </testcase>
  <testcase name="startExtent" classname="testhomepage.TestHomePage" time="0">
    <skipped/>
  </testcase>
  <testcase name="startExtent" classname="testhomepage.TestHomePage" time="0">
    <skipped/>
  </testcase>
  <testcase name="startExtent" classname="testhomepage.TestHomePage" time="0">
    <skipped/>
  </testcase>
  <testcase name="startExtent" classname="testhomepage.TestHomePage" time="0">
    <skipped/>
  </testcase>
  <testcase name="startExtent" classname="testhomepage.TestHomePage" time="0">
    <skipped/>
  </testcase>
  <testcase name="startExtent" classname="testhomepage.TestHomePage" time="0">
    <skipped/>
  </testcase>
  <testcase name="startExtent" classname="testhomepage.TestHomePage" time="0">
    <skipped/>
  </testcase>
  <testcase name="startExtent" classname="testhomepage.TestHomePage" time="0">
    <skipped/>
  </testcase>
  <testcase name="startExtent" classname="testhomepage.TestHomePage" time="0">
    <skipped/>
  </testcase>
  <testcase name="startExtent" classname="testhomepage.TestHomePage" time="0">
    <skipped/>
  </testcase>
  <testcase name="startExtent" classname="testhomepage.TestHomePage" time="0">
    <skipped/>
  </testcase>
  <testcase name="startExtent" classname="testhomepage.TestHomePage" time="0">
    <skipped/>
  </testcase>
  <testcase name="startExtent" classname="testhomepage.TestHomePage" time="0">
    <skipped/>
  </testcase>
  <testcase name="startExtent" classname="testhomepage.TestHomePage" time="0">
    <skipped/>
  </testcase>
  <testcase name="startExtent" classname="testhomepage.TestHomePage" time="0">
    <skipped/>
  </testcase>
  <testcase name="startExtent" classname="testhomepage.TestHomePage" time="0">
    <skipped/>
  </testcase>
  <testcase name="startExtent" classname="testhomepage.TestHomePage" time="0">
    <skipped/>
  </testcase>
  <testcase name="startExtent" classname="testhomepage.TestHomePage" time="0">
    <skipped/>
  </testcase>
  <testcase name="startExtent" classname="testhomepage.TestHomePage" time="0">
    <skipped/>
  </testcase>
  <testcase name="startExtent" classname="testhomepage.TestHomePage" time="0">
    <skipped/>
  </testcase>
  <testcase name="startExtent" classname="testhomepage.TestHomePage" time="0">
    <skipped/>
  </testcase>
  <testcase name="startExtent" classname="testhomepage.TestHomePage" time="0">
    <skipped/>
  </testcase>
  <testcase name="startExtent" classname="testhomepage.TestHomePage" time="0">
    <skipped/>
  </testcase>
  <testcase name="startExtent" classname="testhomepage.TestHomePage" time="0">
    <skipped/>
  </testcase>
  <testcase name="startExtent" classname="testhomepage.TestHomePage" time="0">
    <skipped/>
  </testcase>
  <testcase name="startExtent" classname="testhomepage.TestHomePage" time="0">
    <skipped/>
  </testcase>
  <testcase name="startExtent" classname="testhomepage.TestHomePage" time="0">
    <skipped/>
  </testcase>
  <testcase name="startExtent" classname="testhomepage.TestHomePage" time="0">
    <skipped/>
  </testcase>
  <testcase name="startExtent" classname="testhomepage.TestHomePage" time="0">
    <skipped/>
  </testcase>
  <testcase name="startExtent" classname="testhomepage.TestHomePage" time="0">
    <skipped/>
  </testcase>
  <testcase name="startExtent" classname="testhomepage.TestHomePage" time="0">
    <skipped/>
  </testcase>
  <testcase name="startExtent" classname="testhomepage.TestHomePage" time="0">
    <skipped/>
  </testcase>
  <testcase name="startExtent" classname="testhomepage.TestHomePage" time="0">
    <skipped/>
  </testcase>
  <testcase name="startExtent" classname="testhomepage.TestHomePage" time="0">
    <skipped/>
  </testcase>
  <testcase name="startExtent" classname="testhomepage.TestHomePage" time="0">
    <skipped/>
  </testcase>
  <testcase name="startExtent" classname="testhomepage.TestHomePage" time="0">
    <skipped/>
  </testcase>
  <testcase name="startExtent" classname="testhomepage.TestHomePage" time="0">
    <skipped/>
  </testcase>
  <testcase name="startExtent" classname="testhomepage.TestHomePage" time="0">
    <skipped/>
  </testcase>
  <testcase name="startExtent" classname="testhomepage.TestHomePage" time="0">
    <skipped/>
  </testcase>
  <testcase name="startExtent" classname="testhomepage.TestHomePage" time="0">
    <skipped/>
  </testcase>
  <testcase name="startExtent" classname="testhomepage.TestHomePage" time="0">
    <skipped/>
  </testcase>
  <testcase name="initElements" classname="testhomepage.TestHomePage" time="0">
    <skipped/>
  </testcase>
  <testcase name="initElements" classname="testhomepage.TestHomePage" time="0">
    <skipped/>
  </testcase>
  <testcase name="initElements" classname="testhomepage.TestHomePage" time="0">
    <skipped/>
  </testcase>
  <testcase name="initElements" classname="testhomepage.TestHomePage" time="0">
    <skipped/>
  </testcase>
  <testcase name="initElements" classname="testhomepage.TestHomePage" time="0">
    <skipped/>
  </testcase>
  <testcase name="initElements" classname="testhomepage.TestHomePage" time="0">
    <skipped/>
  </testcase>
  <testcase name="initElements" classname="testhomepage.TestHomePage" time="0">
    <skipped/>
  </testcase>
  <testcase name="initElements" classname="testhomepage.TestHomePage" time="0">
    <skipped/>
  </testcase>
  <testcase name="initElements" classname="testhomepage.TestHomePage" time="0">
    <skipped/>
  </testcase>
  <testcase name="initElements" classname="testhomepage.TestHomePage" time="0">
    <skipped/>
  </testcase>
  <testcase name="initElements" classname="testhomepage.TestHomePage" time="0">
    <skipped/>
  </testcase>
  <testcase name="initElements" classname="testhomepage.TestHomePage" time="0">
    <skipped/>
  </testcase>
  <testcase name="initElements" classname="testhomepage.TestHomePage" time="0">
    <skipped/>
  </testcase>
  <testcase name="initElements" classname="testhomepage.TestHomePage" time="0">
    <skipped/>
  </testcase>
  <testcase name="initElements" classname="testhomepage.TestHomePage" time="0">
    <skipped/>
  </testcase>
  <testcase name="initElements" classname="testhomepage.TestHomePage" time="0">
    <skipped/>
  </testcase>
  <testcase name="initElements" classname="testhomepage.TestHomePage" time="0">
    <skipped/>
  </testcase>
  <testcase name="initElements" classname="testhomepage.TestHomePage" time="0">
    <skipped/>
  </testcase>
  <testcase name="initElements" classname="testhomepage.TestHomePage" time="0">
    <skipped/>
  </testcase>
  <testcase name="initElements" classname="testhomepage.TestHomePage" time="0">
    <skipped/>
  </testcase>
  <testcase name="initElements" classname="testhomepage.TestHomePage" time="0">
    <skipped/>
  </testcase>
  <testcase name="initElements" classname="testhomepage.TestHomePage" time="0">
    <skipped/>
  </testcase>
  <testcase name="initElements" classname="testhomepage.TestHomePage" time="0">
    <skipped/>
  </testcase>
  <testcase name="initElements" classname="testhomepage.TestHomePage" time="0">
    <skipped/>
  </testcase>
  <testcase name="initElements" classname="testhomepage.TestHomePage" time="0">
    <skipped/>
  </testcase>
  <testcase name="initElements" classname="testhomepage.TestHomePage" time="0">
    <skipped/>
  </testcase>
  <testcase name="initElements" classname="testhomepage.TestHomePage" time="0">
    <skipped/>
  </testcase>
  <testcase name="initElements" classname="testhomepage.TestHomePage" time="0">
    <skipped/>
  </testcase>
  <testcase name="initElements" classname="testhomepage.TestHomePage" time="0">
    <skipped/>
  </testcase>
  <testcase name="initElements" classname="testhomepage.TestHomePage" time="0">
    <skipped/>
  </testcase>
  <testcase name="initElements" classname="testhomepage.TestHomePage" time="0">
    <skipped/>
  </testcase>
  <testcase name="initElements" classname="testhomepage.TestHomePage" time="0">
    <skipped/>
  </testcase>
  <testcase name="initElements" classname="testhomepage.TestHomePage" time="0">
    <skipped/>
  </testcase>
  <testcase name="initElements" classname="testhomepage.TestHomePage" time="0">
    <skipped/>
  </testcase>
  <testcase name="initElements" classname="testhomepage.TestHomePage" time="0">
    <skipped/>
  </testcase>
  <testcase name="initElements" classname="testhomepage.TestHomePage" time="0">
    <skipped/>
  </testcase>
  <testcase name="initElements" classname="testhomepage.TestHomePage" time="0">
    <skipped/>
  </testcase>
  <testcase name="initElements" classname="testhomepage.TestHomePage" time="0">
    <skipped/>
  </testcase>
  <testcase name="initElements" classname="testhomepage.TestHomePage" time="0">
    <skipped/>
  </testcase>
  <testcase name="initElements" classname="testhomepage.TestHomePage" time="0">
    <skipped/>
  </testcase>
  <testcase name="initElements" classname="testhomepage.TestHomePage" time="0">
    <skipped/>
  </testcase>
  <testcase name="initElements" classname="testhomepage.TestHomePage" time="0">
    <skipped/>
  </testcase>
  <testcase name="initElements" classname="testhomepage.TestHomePage" time="0">
    <skipped/>
  </testcase>
  <testcase name="initElements" classname="testhomepage.TestHomePage" time="0">
    <skipped/>
  </testcase>
  <testcase name="initElements" classname="testhomepage.TestHomePage" time="0">
    <skipped/>
  </testcase>
  <testcase name="initElements" classname="testhomepage.TestHomePage" time="0">
    <skipped/>
  </testcase>
  <testcase name="initElements" classname="testhomepage.TestHomePage" time="0">
    <skipped/>
  </testcase>
  <testcase name="initElements" classname="testhomepage.TestHomePage" time="0">
    <skipped/>
  </testcase>
  <testcase name="initElements" classname="testhomepage.TestHomePage" time="0">
    <skipped/>
  </testcase>
  <testcase name="initElements" classname="testhomepage.TestHomePage" time="0">
    <skipped/>
  </testcase>
  <testcase name="initElements" classname="testhomepage.TestHomePage" time="0">
    <skipped/>
  </testcase>
  <testcase name="initElements" classname="testhomepage.TestHomePage" time="0">
    <skipped/>
  </testcase>
  <testcase name="initElements" classname="testhomepage.TestHomePage" time="0">
    <skipped/>
  </testcase>
  <testcase name="initElements" classname="testhomepage.TestHomePage" time="0">
    <skipped/>
  </testcase>
  <testcase name="initElements" classname="testhomepage.TestHomePage" time="0">
    <skipped/>
  </testcase>
  <testcase name="initElements" classname="testhomepage.TestHomePage" time="0">
    <skipped/>
  </testcase>
  <testcase name="initElements" classname="testhomepage.TestHomePage" time="0">
    <skipped/>
  </testcase>
  <testcase name="initElements" classname="testhomepage.TestHomePage" time="0">
    <skipped/>
  </testcase>
  <testcase name="initElements" classname="testhomepage.TestHomePage" time="0">
    <skipped/>
  </testcase>
  <testcase name="initElements" classname="testhomepage.TestHomePage" time="0">
    <skipped/>
  </testcase>
  <testcase name="initElements" classname="testhomepage.TestHomePage" time="0">
    <skipped/>
  </testcase>
  <testcase name="initElements" classname="testhomepage.TestHomePage" time="0">
    <skipped/>
  </testcase>
  <testcase name="initElements" classname="testhomepage.TestHomePage" time="0">
    <skipped/>
  </testcase>
  <testcase name="initElements" classname="testhomepage.TestHomePage" time="0">
    <skipped/>
  </testcase>
  <testcase name="initElements" classname="testhomepage.TestHomePage" time="0">
    <skipped/>
  </testcase>
  <testcase name="initElements" classname="testhomepage.TestHomePage" time="0">
    <skipped/>
  </testcase>
  <testcase name="testcareControl" classname="testhomepage.TestHomePage" time="0">
    <skipped message="Could not start Browser / Emulator&#10; Reason: &#10;Could not initialize class org.openqa.selenium.os.Kernel32 (WARNING: The server did not provide any stacktrace information)&#10;Command duration or timeout: 23.71 seconds&#10;Build info: version: &apos;3.141.59&apos;, revision: &apos;e82be7d358&apos;, time: &apos;2018-11-14T08:17:03&apos;&#10;System info: host: &apos;alrafis-Air.lan1&apos;, ip: &apos;2604:2000:1241:489d:0:0:0:29c%en0&apos;, os.name: &apos;Mac OS X&apos;, os.arch: &apos;x86_64&apos;, os.version: &apos;10.14.2&apos;, java.version: &apos;11.0.1&apos;&#10;Driver info: driver.version: RemoteWebDriver"/>
  </testcase>
  <testcase name="afterEachTestMethod" classname="testhomepage.TestHomePage" time="0">
    <skipped/>
  </testcase>
  <testcase name="afterEachTestMethod" classname="testhomepage.TestHomePage" time="0">
    <skipped/>
  </testcase>
  <testcase name="afterEachTestMethod" classname="testhomepage.TestHomePage" time="0">
    <skipped/>
  </testcase>
  <testcase name="afterEachTestMethod" classname="testhomepage.TestHomePage" time="0">
    <skipped/>
  </testcase>
  <testcase name="afterEachTestMethod" classname="testhomepage.TestHomePage" time="0">
    <skipped/>
  </testcase>
  <testcase name="afterEachTestMethod" classname="testhomepage.TestHomePage" time="0">
    <skipped/>
  </testcase>
  <testcase name="afterEachTestMethod" classname="testhomepage.TestHomePage" time="0">
    <skipped/>
  </testcase>
  <testcase name="afterEachTestMethod" classname="testhomepage.TestHomePage" time="0">
    <skipped/>
  </testcase>
  <testcase name="afterEachTestMethod" classname="testhomepage.TestHomePage" time="0">
    <skipped/>
  </testcase>
  <testcase name="afterEachTestMethod" classname="testhomepage.TestHomePage" time="0">
    <skipped/>
  </testcase>
  <testcase name="afterEachTestMethod" classname="testhomepage.TestHomePage" time="0">
    <skipped/>
  </testcase>
  <testcase name="afterEachTestMethod" classname="testhomepage.TestHomePage" time="0">
    <skipped/>
  </testcase>
  <testcase name="afterEachTestMethod" classname="testhomepage.TestHomePage" time="0">
    <skipped/>
  </testcase>
  <testcase name="afterEachTestMethod" classname="testhomepage.TestHomePage" time="0">
    <skipped/>
  </testcase>
  <testcase name="afterEachTestMethod" classname="testhomepage.TestHomePage" time="0">
    <skipped/>
  </testcase>
  <testcase name="afterEachTestMethod" classname="testhomepage.TestHomePage" time="0">
    <skipped/>
  </testcase>
  <testcase name="afterEachTestMethod" classname="testhomepage.TestHomePage" time="0">
    <skipped/>
  </testcase>
  <testcase name="afterEachTestMethod" classname="testhomepage.TestHomePage" time="0">
    <skipped/>
  </testcase>
  <testcase name="afterEachTestMethod" classname="testhomepage.TestHomePage" time="0">
    <skipped/>
  </testcase>
  <testcase name="afterEachTestMethod" classname="testhomepage.TestHomePage" time="0">
    <skipped/>
  </testcase>
  <testcase name="afterEachTestMethod" classname="testhomepage.TestHomePage" time="0">
    <skipped/>
  </testcase>
  <testcase name="afterEachTestMethod" classname="testhomepage.TestHomePage" time="0">
    <skipped/>
  </testcase>
  <testcase name="afterEachTestMethod" classname="testhomepage.TestHomePage" time="0">
    <skipped/>
  </testcase>
  <testcase name="afterEachTestMethod" classname="testhomepage.TestHomePage" time="0">
    <skipped/>
  </testcase>
  <testcase name="afterEachTestMethod" classname="testhomepage.TestHomePage" time="0">
    <skipped/>
  </testcase>
  <testcase name="afterEachTestMethod" classname="testhomepage.TestHomePage" time="0">
    <skipped/>
  </testcase>
  <testcase name="afterEachTestMethod" classname="testhomepage.TestHomePage" time="0">
    <skipped/>
  </testcase>
  <testcase name="afterEachTestMethod" classname="testhomepage.TestHomePage" time="0">
    <skipped/>
  </testcase>
  <testcase name="afterEachTestMethod" classname="testhomepage.TestHomePage" time="0">
    <skipped/>
  </testcase>
  <testcase name="afterEachTestMethod" classname="testhomepage.TestHomePage" time="0">
    <skipped/>
  </testcase>
  <testcase name="afterEachTestMethod" classname="testhomepage.TestHomePage" time="0">
    <skipped/>
  </testcase>
  <testcase name="afterEachTestMethod" classname="testhomepage.TestHomePage" time="0">
    <skipped/>
  </testcase>
  <testcase name="afterEachTestMethod" classname="testhomepage.TestHomePage" time="0">
    <skipped/>
  </testcase>
  <testcase name="afterEachTestMethod" classname="testhomepage.TestHomePage" time="0">
    <skipped/>
  </testcase>
  <testcase name="afterEachTestMethod" classname="testhomepage.TestHomePage" time="0">
    <skipped/>
  </testcase>
  <testcase name="afterEachTestMethod" classname="testhomepage.TestHomePage" time="0">
    <skipped/>
  </testcase>
  <testcase name="afterEachTestMethod" classname="testhomepage.TestHomePage" time="0">
    <skipped/>
  </testcase>
  <testcase name="afterEachTestMethod" classname="testhomepage.TestHomePage" time="0">
    <skipped/>
  </testcase>
  <testcase name="afterEachTestMethod" classname="testhomepage.TestHomePage" time="0">
    <skipped/>
  </testcase>
  <testcase name="afterEachTestMethod" classname="testhomepage.TestHomePage" time="0">
    <skipped/>
  </testcase>
  <testcase name="afterEachTestMethod" classname="testhomepage.TestHomePage" time="0">
    <skipped/>
  </testcase>
  <testcase name="afterEachTestMethod" classname="testhomepage.TestHomePage" time="0">
    <skipped/>
  </testcase>
  <testcase name="afterEachTestMethod" classname="testhomepage.TestHomePage" time="0">
    <skipped/>
  </testcase>
  <testcase name="afterEachTestMethod" classname="testhomepage.TestHomePage" time="0">
    <skipped/>
  </testcase>
  <testcase name="afterEachTestMethod" classname="testhomepage.TestHomePage" time="0">
    <skipped/>
  </testcase>
  <testcase name="afterEachTestMethod" classname="testhomepage.TestHomePage" time="0">
    <skipped/>
  </testcase>
  <testcase name="afterEachTestMethod" classname="testhomepage.TestHomePage" time="0">
    <skipped/>
  </testcase>
  <testcase name="afterEachTestMethod" classname="testhomepage.TestHomePage" time="0">
    <skipped/>
  </testcase>
  <testcase name="afterEachTestMethod" classname="testhomepage.TestHomePage" time="0">
    <skipped/>
  </testcase>
  <testcase name="afterEachTestMethod" classname="testhomepage.TestHomePage" time="0">
    <skipped/>
  </testcase>
  <testcase name="afterEachTestMethod" classname="testhomepage.TestHomePage" time="0">
    <skipped/>
  </testcase>
  <testcase name="afterEachTestMethod" classname="testhomepage.TestHomePage" time="0">
    <skipped/>
  </testcase>
  <testcase name="afterEachTestMethod" classname="testhomepage.TestHomePage" time="0">
    <skipped/>
  </testcase>
  <testcase name="afterEachTestMethod" classname="testhomepage.TestHomePage" time="0">
    <skipped/>
  </testcase>
  <testcase name="afterEachTestMethod" classname="testhomepage.TestHomePage" time="0">
    <skipped/>
  </testcase>
  <testcase name="afterEachTestMethod" classname="testhomepage.TestHomePage" time="0">
    <skipped/>
  </testcase>
  <testcase name="afterEachTestMethod" classname="testhomepage.TestHomePage" time="0">
    <skipped/>
  </testcase>
  <testcase name="afterEachTestMethod" classname="testhomepage.TestHomePage" time="0">
    <skipped/>
  </testcase>
  <testcase name="afterEachTestMethod" classname="testhomepage.TestHomePage" time="0">
    <skipped/>
  </testcase>
  <testcase name="afterEachTestMethod" classname="testhomepage.TestHomePage" time="0">
    <skipped/>
  </testcase>
  <testcase name="afterEachTestMethod" classname="testhomepage.TestHomePage" time="0">
    <skipped/>
  </testcase>
  <testcase name="afterEachTestMethod" classname="testhomepage.TestHomePage" time="0">
    <skipped/>
  </testcase>
  <testcase name="afterEachTestMethod" classname="testhomepage.TestHomePage" time="0">
    <skipped/>
  </testcase>
  <testcase name="afterEachTestMethod" classname="testhomepage.TestHomePage" time="0">
    <skipped/>
  </testcase>
  <testcase name="afterEachTestMethod" classname="testhomepage.TestHomePage" time="0">
    <skipped/>
  </testcase>
  <testcase name="afterEachTestMethod" classname="testhomepage.TestHomePage" time="0">
    <skipped/>
  </testcase>
  <testcase name="testcareer" classname="testhomepage.TestHomePage" time="0">
    <skipped message="Could not start Browser / Emulator&#10; Reason: &#10;Could not initialize class org.openqa.selenium.os.Kernel32 (WARNING: The server did not provide any stacktrace information)&#10;Command duration or timeout: 23.71 seconds&#10;Build info: version: &apos;3.141.59&apos;, revision: &apos;e82be7d358&apos;, time: &apos;2018-11-14T08:17:03&apos;&#10;System info: host: &apos;alrafis-Air.lan1&apos;, ip: &apos;2604:2000:1241:489d:0:0:0:29c%en0&apos;, os.name: &apos;Mac OS X&apos;, os.arch: &apos;x86_64&apos;, os.version: &apos;10.14.2&apos;, java.version: &apos;11.0.1&apos;&#10;Driver info: driver.version: RemoteWebDriver"/>
  </testcase>
  <testcase name="testcheckBenefits" classname="testhomepage.TestHomePage" time="0">
    <skipped message="Could not start Browser / Emulator&#10; Reason: &#10;Could not initialize class org.openqa.selenium.os.Kernel32 (WARNING: The server did not provide any stacktrace information)&#10;Command duration or timeout: 23.71 seconds&#10;Build info: version: &apos;3.141.59&apos;, revision: &apos;e82be7d358&apos;, time: &apos;2018-11-14T08:17:03&apos;&#10;System info: host: &apos;alrafis-Air.lan1&apos;, ip: &apos;2604:2000:1241:489d:0:0:0:29c%en0&apos;, os.name: &apos;Mac OS X&apos;, os.arch: &apos;x86_64&apos;, os.version: &apos;10.14.2&apos;, java.version: &apos;11.0.1&apos;&#10;Driver info: driver.version: RemoteWebDriver"/>
  </testcase>
  <testcase name="testcontactUs" classname="testhomepage.TestHomePage" time="0">
    <skipped message="Could not start Browser / Emulator&#10; Reason: &#10;Could not initialize class org.openqa.selenium.os.Kernel32 (WARNING: The server did not provide any stacktrace information)&#10;Command duration or timeout: 23.71 seconds&#10;Build info: version: &apos;3.141.59&apos;, revision: &apos;e82be7d358&apos;, time: &apos;2018-11-14T08:17:03&apos;&#10;System info: host: &apos;alrafis-Air.lan1&apos;, ip: &apos;2604:2000:1241:489d:0:0:0:29c%en0&apos;, os.name: &apos;Mac OS X&apos;, os.arch: &apos;x86_64&apos;, os.version: &apos;10.14.2&apos;, java.version: &apos;11.0.1&apos;&#10;Driver info: driver.version: RemoteWebDriver"/>
  </testcase>
  <testcase name="testdentalInsurance" classname="testhomepage.TestHomePage" time="0">
    <skipped message="Could not start Browser / Emulator&#10; Reason: &#10;Could not initialize class org.openqa.selenium.os.Kernel32 (WARNING: The server did not provide any stacktrace information)&#10;Command duration or timeout: 23.71 seconds&#10;Build info: version: &apos;3.141.59&apos;, revision: &apos;e82be7d358&apos;, time: &apos;2018-11-14T08:17:03&apos;&#10;System info: host: &apos;alrafis-Air.lan1&apos;, ip: &apos;2604:2000:1241:489d:0:0:0:29c%en0&apos;, os.name: &apos;Mac OS X&apos;, os.arch: &apos;x86_64&apos;, os.version: &apos;10.14.2&apos;, java.version: &apos;11.0.1&apos;&#10;Driver info: driver.version: RemoteWebDriver"/>
  </testcase>
  <testcase name="testdownloadApp" classname="testhomepage.TestHomePage" time="0">
    <skipped message="Could not start Browser / Emulator&#10; Reason: &#10;Could not initialize class org.openqa.selenium.os.Kernel32 (WARNING: The server did not provide any stacktrace information)&#10;Command duration or timeout: 23.71 seconds&#10;Build info: version: &apos;3.141.59&apos;, revision: &apos;e82be7d358&apos;, time: &apos;2018-11-14T08:17:03&apos;&#10;System info: host: &apos;alrafis-Air.lan1&apos;, ip: &apos;2604:2000:1241:489d:0:0:0:29c%en0&apos;, os.name: &apos;Mac OS X&apos;, os.arch: &apos;x86_64&apos;, os.version: &apos;10.14.2&apos;, java.version: &apos;11.0.1&apos;&#10;Driver info: driver.version: RemoteWebDriver"/>
  </testcase>
  <testcase name="testemployerGroup" classname="testhomepage.TestHomePage" time="0">
    <skipped message="Could not start Browser / Emulator&#10; Reason: &#10;Could not initialize class org.openqa.selenium.os.Kernel32 (WARNING: The server did not provide any stacktrace information)&#10;Command duration or timeout: 23.71 seconds&#10;Build info: version: &apos;3.141.59&apos;, revision: &apos;e82be7d358&apos;, time: &apos;2018-11-14T08:17:03&apos;&#10;System info: host: &apos;alrafis-Air.lan1&apos;, ip: &apos;2604:2000:1241:489d:0:0:0:29c%en0&apos;, os.name: &apos;Mac OS X&apos;, os.arch: &apos;x86_64&apos;, os.version: &apos;10.14.2&apos;, java.version: &apos;11.0.1&apos;&#10;Driver info: driver.version: RemoteWebDriver"/>
  </testcase>
  <testcase name="testemployerMenu" classname="testhomepage.TestHomePage" time="0">
    <skipped message="Could not start Browser / Emulator&#10; Reason: &#10;Could not initialize class org.openqa.selenium.os.Kernel32 (WARNING: The server did not provide any stacktrace information)&#10;Command duration or timeout: 23.71 seconds&#10;Build info: version: &apos;3.141.59&apos;, revision: &apos;e82be7d358&apos;, time: &apos;2018-11-14T08:17:03&apos;&#10;System info: host: &apos;alrafis-Air.lan1&apos;, ip: &apos;2604:2000:1241:489d:0:0:0:29c%en0&apos;, os.name: &apos;Mac OS X&apos;, os.arch: &apos;x86_64&apos;, os.version: &apos;10.14.2&apos;, java.version: &apos;11.0.1&apos;&#10;Driver info: driver.version: RemoteWebDriver"/>
  </testcase>
  <testcase name="testemployerPlans" classname="testhomepage.TestHomePage" time="0">
    <skipped message="Could not start Browser / Emulator&#10; Reason: &#10;Could not initialize class org.openqa.selenium.os.Kernel32 (WARNING: The server did not provide any stacktrace information)&#10;Command duration or timeout: 23.71 seconds&#10;Build info: version: &apos;3.141.59&apos;, revision: &apos;e82be7d358&apos;, time: &apos;2018-11-14T08:17:03&apos;&#10;System info: host: &apos;alrafis-Air.lan1&apos;, ip: &apos;2604:2000:1241:489d:0:0:0:29c%en0&apos;, os.name: &apos;Mac OS X&apos;, os.arch: &apos;x86_64&apos;, os.version: &apos;10.14.2&apos;, java.version: &apos;11.0.1&apos;&#10;Driver info: driver.version: RemoteWebDriver"/>
  </testcase>
  <testcase name="testfindaDoctor" classname="testhomepage.TestHomePage" time="0">
    <skipped message="Could not start Browser / Emulator&#10; Reason: &#10;Could not initialize class org.openqa.selenium.os.Kernel32 (WARNING: The server did not provide any stacktrace information)&#10;Command duration or timeout: 23.71 seconds&#10;Build info: version: &apos;3.141.59&apos;, revision: &apos;e82be7d358&apos;, time: &apos;2018-11-14T08:17:03&apos;&#10;System info: host: &apos;alrafis-Air.lan1&apos;, ip: &apos;2604:2000:1241:489d:0:0:0:29c%en0&apos;, os.name: &apos;Mac OS X&apos;, os.arch: &apos;x86_64&apos;, os.version: &apos;10.14.2&apos;, java.version: &apos;11.0.1&apos;&#10;Driver info: driver.version: RemoteWebDriver"/>
  </testcase>
  <testcase name="testfindanyDoctor" classname="testhomepage.TestHomePage" time="0">
    <skipped message="Could not start Browser / Emulator&#10; Reason: &#10;Could not initialize class org.openqa.selenium.os.Kernel32 (WARNING: The server did not provide any stacktrace information)&#10;Command duration or timeout: 23.71 seconds&#10;Build info: version: &apos;3.141.59&apos;, revision: &apos;e82be7d358&apos;, time: &apos;2018-11-14T08:17:03&apos;&#10;System info: host: &apos;alrafis-Air.lan1&apos;, ip: &apos;2604:2000:1241:489d:0:0:0:29c%en0&apos;, os.name: &apos;Mac OS X&apos;, os.arch: &apos;x86_64&apos;, os.version: &apos;10.14.2&apos;, java.version: &apos;11.0.1&apos;&#10;Driver info: driver.version: RemoteWebDriver"/>
  </testcase>
  <testcase name="testfitnessLiving" classname="testhomepage.TestHomePage" time="0">
    <skipped message="Could not start Browser / Emulator&#10; Reason: &#10;Could not initialize class org.openqa.selenium.os.Kernel32 (WARNING: The server did not provide any stacktrace information)&#10;Command duration or timeout: 23.71 seconds&#10;Build info: version: &apos;3.141.59&apos;, revision: &apos;e82be7d358&apos;, time: &apos;2018-11-14T08:17:03&apos;&#10;System info: host: &apos;alrafis-Air.lan1&apos;, ip: &apos;2604:2000:1241:489d:0:0:0:29c%en0&apos;, os.name: &apos;Mac OS X&apos;, os.arch: &apos;x86_64&apos;, os.version: &apos;10.14.2&apos;, java.version: &apos;11.0.1&apos;&#10;Driver info: driver.version: RemoteWebDriver"/>
  </testcase>
  <testcase name="testglobalInsurance" classname="testhomepage.TestHomePage" time="0">
    <skipped message="Could not start Browser / Emulator&#10; Reason: &#10;Could not initialize class org.openqa.selenium.os.Kernel32 (WARNING: The server did not provide any stacktrace information)&#10;Command duration or timeout: 23.71 seconds&#10;Build info: version: &apos;3.141.59&apos;, revision: &apos;e82be7d358&apos;, time: &apos;2018-11-14T08:17:03&apos;&#10;System info: host: &apos;alrafis-Air.lan1&apos;, ip: &apos;2604:2000:1241:489d:0:0:0:29c%en0&apos;, os.name: &apos;Mac OS X&apos;, os.arch: &apos;x86_64&apos;, os.version: &apos;10.14.2&apos;, java.version: &apos;11.0.1&apos;&#10;Driver info: driver.version: RemoteWebDriver"/>
  </testcase>
  <testcase name="testhealthTopics" classname="testhomepage.TestHomePage" time="0">
    <skipped message="Could not start Browser / Emulator&#10; Reason: &#10;Could not initialize class org.openqa.selenium.os.Kernel32 (WARNING: The server did not provide any stacktrace information)&#10;Command duration or timeout: 23.71 seconds&#10;Build info: version: &apos;3.141.59&apos;, revision: &apos;e82be7d358&apos;, time: &apos;2018-11-14T08:17:03&apos;&#10;System info: host: &apos;alrafis-Air.lan1&apos;, ip: &apos;2604:2000:1241:489d:0:0:0:29c%en0&apos;, os.name: &apos;Mac OS X&apos;, os.arch: &apos;x86_64&apos;, os.version: &apos;10.14.2&apos;, java.version: &apos;11.0.1&apos;&#10;Driver info: driver.version: RemoteWebDriver"/>
  </testcase>
  <testcase name="testhealthcareFraud" classname="testhomepage.TestHomePage" time="0">
    <skipped message="Could not start Browser / Emulator&#10; Reason: &#10;Could not initialize class org.openqa.selenium.os.Kernel32 (WARNING: The server did not provide any stacktrace information)&#10;Command duration or timeout: 23.71 seconds&#10;Build info: version: &apos;3.141.59&apos;, revision: &apos;e82be7d358&apos;, time: &apos;2018-11-14T08:17:03&apos;&#10;System info: host: &apos;alrafis-Air.lan1&apos;, ip: &apos;2604:2000:1241:489d:0:0:0:29c%en0&apos;, os.name: &apos;Mac OS X&apos;, os.arch: &apos;x86_64&apos;, os.version: &apos;10.14.2&apos;, java.version: &apos;11.0.1&apos;&#10;Driver info: driver.version: RemoteWebDriver"/>
  </testcase>
  <testcase name="testhomeButton" classname="testhomepage.TestHomePage" time="0">
    <skipped message="Could not start Browser / Emulator&#10; Reason: &#10;Could not initialize class org.openqa.selenium.os.Kernel32 (WARNING: The server did not provide any stacktrace information)&#10;Command duration or timeout: 23.71 seconds&#10;Build info: version: &apos;3.141.59&apos;, revision: &apos;e82be7d358&apos;, time: &apos;2018-11-14T08:17:03&apos;&#10;System info: host: &apos;alrafis-Air.lan1&apos;, ip: &apos;2604:2000:1241:489d:0:0:0:29c%en0&apos;, os.name: &apos;Mac OS X&apos;, os.arch: &apos;x86_64&apos;, os.version: &apos;10.14.2&apos;, java.version: &apos;11.0.1&apos;&#10;Driver info: driver.version: RemoteWebDriver"/>
  </testcase>
  <testcase name="testhospitalAndDoctorInsurance" classname="testhomepage.TestHomePage" time="0">
    <skipped message="Could not start Browser / Emulator&#10; Reason: &#10;Could not initialize class org.openqa.selenium.os.Kernel32 (WARNING: The server did not provide any stacktrace information)&#10;Command duration or timeout: 23.71 seconds&#10;Build info: version: &apos;3.141.59&apos;, revision: &apos;e82be7d358&apos;, time: &apos;2018-11-14T08:17:03&apos;&#10;System info: host: &apos;alrafis-Air.lan1&apos;, ip: &apos;2604:2000:1241:489d:0:0:0:29c%en0&apos;, os.name: &apos;Mac OS X&apos;, os.arch: &apos;x86_64&apos;, os.version: &apos;10.14.2&apos;, java.version: &apos;11.0.1&apos;&#10;Driver info: driver.version: RemoteWebDriver"/>
  </testcase>
  <testcase name="testhospitalInsurance" classname="testhomepage.TestHomePage" time="0">
    <skipped message="Could not start Browser / Emulator&#10; Reason: &#10;Could not initialize class org.openqa.selenium.os.Kernel32 (WARNING: The server did not provide any stacktrace information)&#10;Command duration or timeout: 23.71 seconds&#10;Build info: version: &apos;3.141.59&apos;, revision: &apos;e82be7d358&apos;, time: &apos;2018-11-14T08:17:03&apos;&#10;System info: host: &apos;alrafis-Air.lan1&apos;, ip: &apos;2604:2000:1241:489d:0:0:0:29c%en0&apos;, os.name: &apos;Mac OS X&apos;, os.arch: &apos;x86_64&apos;, os.version: &apos;10.14.2&apos;, java.version: &apos;11.0.1&apos;&#10;Driver info: driver.version: RemoteWebDriver"/>
  </testcase>
  <testcase name="testillnessInsurance" classname="testhomepage.TestHomePage" time="0">
    <skipped message="Could not start Browser / Emulator&#10; Reason: &#10;Could not initialize class org.openqa.selenium.os.Kernel32 (WARNING: The server did not provide any stacktrace information)&#10;Command duration or timeout: 23.71 seconds&#10;Build info: version: &apos;3.141.59&apos;, revision: &apos;e82be7d358&apos;, time: &apos;2018-11-14T08:17:03&apos;&#10;System info: host: &apos;alrafis-Air.lan1&apos;, ip: &apos;2604:2000:1241:489d:0:0:0:29c%en0&apos;, os.name: &apos;Mac OS X&apos;, os.arch: &apos;x86_64&apos;, os.version: &apos;10.14.2&apos;, java.version: &apos;11.0.1&apos;&#10;Driver info: driver.version: RemoteWebDriver"/>
  </testcase>
  <testcase name="testimageHealth" classname="testhomepage.TestHomePage" time="0">
    <skipped message="Could not start Browser / Emulator&#10; Reason: &#10;Could not initialize class org.openqa.selenium.os.Kernel32 (WARNING: The server did not provide any stacktrace information)&#10;Command duration or timeout: 23.71 seconds&#10;Build info: version: &apos;3.141.59&apos;, revision: &apos;e82be7d358&apos;, time: &apos;2018-11-14T08:17:03&apos;&#10;System info: host: &apos;alrafis-Air.lan1&apos;, ip: &apos;2604:2000:1241:489d:0:0:0:29c%en0&apos;, os.name: &apos;Mac OS X&apos;, os.arch: &apos;x86_64&apos;, os.version: &apos;10.14.2&apos;, java.version: &apos;11.0.1&apos;&#10;Driver info: driver.version: RemoteWebDriver"/>
  </testcase>
  <testcase name="testindividualPlans" classname="testhomepage.TestHomePage" time="0">
    <skipped message="Could not start Browser / Emulator&#10; Reason: &#10;Could not initialize class org.openqa.selenium.os.Kernel32 (WARNING: The server did not provide any stacktrace information)&#10;Command duration or timeout: 23.71 seconds&#10;Build info: version: &apos;3.141.59&apos;, revision: &apos;e82be7d358&apos;, time: &apos;2018-11-14T08:17:03&apos;&#10;System info: host: &apos;alrafis-Air.lan1&apos;, ip: &apos;2604:2000:1241:489d:0:0:0:29c%en0&apos;, os.name: &apos;Mac OS X&apos;, os.arch: &apos;x86_64&apos;, os.version: &apos;10.14.2&apos;, java.version: &apos;11.0.1&apos;&#10;Driver info: driver.version: RemoteWebDriver"/>
  </testcase>
  <testcase name="testkeySearch" classname="testhomepage.TestHomePage" time="0">
    <skipped message="Could not start Browser / Emulator&#10; Reason: &#10;Could not initialize class org.openqa.selenium.os.Kernel32 (WARNING: The server did not provide any stacktrace information)&#10;Command duration or timeout: 23.71 seconds&#10;Build info: version: &apos;3.141.59&apos;, revision: &apos;e82be7d358&apos;, time: &apos;2018-11-14T08:17:03&apos;&#10;System info: host: &apos;alrafis-Air.lan1&apos;, ip: &apos;2604:2000:1241:489d:0:0:0:29c%en0&apos;, os.name: &apos;Mac OS X&apos;, os.arch: &apos;x86_64&apos;, os.version: &apos;10.14.2&apos;, java.version: &apos;11.0.1&apos;&#10;Driver info: driver.version: RemoteWebDriver"/>
  </testcase>
  <testcase name="testlanguage" classname="testhomepage.TestHomePage" time="0">
    <skipped message="Could not start Browser / Emulator&#10; Reason: &#10;Could not initialize class org.openqa.selenium.os.Kernel32 (WARNING: The server did not provide any stacktrace information)&#10;Command duration or timeout: 23.71 seconds&#10;Build info: version: &apos;3.141.59&apos;, revision: &apos;e82be7d358&apos;, time: &apos;2018-11-14T08:17:03&apos;&#10;System info: host: &apos;alrafis-Air.lan1&apos;, ip: &apos;2604:2000:1241:489d:0:0:0:29c%en0&apos;, os.name: &apos;Mac OS X&apos;, os.arch: &apos;x86_64&apos;, os.version: &apos;10.14.2&apos;, java.version: &apos;11.0.1&apos;&#10;Driver info: driver.version: RemoteWebDriver"/>
  </testcase>
  <testcase name="testlanguageNotice" classname="testhomepage.TestHomePage" time="0">
    <skipped message="Could not start Browser / Emulator&#10; Reason: &#10;Could not initialize class org.openqa.selenium.os.Kernel32 (WARNING: The server did not provide any stacktrace information)&#10;Command duration or timeout: 23.71 seconds&#10;Build info: version: &apos;3.141.59&apos;, revision: &apos;e82be7d358&apos;, time: &apos;2018-11-14T08:17:03&apos;&#10;System info: host: &apos;alrafis-Air.lan1&apos;, ip: &apos;2604:2000:1241:489d:0:0:0:29c%en0&apos;, os.name: &apos;Mac OS X&apos;, os.arch: &apos;x86_64&apos;, os.version: &apos;10.14.2&apos;, java.version: &apos;11.0.1&apos;&#10;Driver info: driver.version: RemoteWebDriver"/>
  </testcase>
  <testcase name="testlearnDental" classname="testhomepage.TestHomePage" time="0">
    <skipped message="Could not start Browser / Emulator&#10; Reason: &#10;Could not initialize class org.openqa.selenium.os.Kernel32 (WARNING: The server did not provide any stacktrace information)&#10;Command duration or timeout: 23.71 seconds&#10;Build info: version: &apos;3.141.59&apos;, revision: &apos;e82be7d358&apos;, time: &apos;2018-11-14T08:17:03&apos;&#10;System info: host: &apos;alrafis-Air.lan1&apos;, ip: &apos;2604:2000:1241:489d:0:0:0:29c%en0&apos;, os.name: &apos;Mac OS X&apos;, os.arch: &apos;x86_64&apos;, os.version: &apos;10.14.2&apos;, java.version: &apos;11.0.1&apos;&#10;Driver info: driver.version: RemoteWebDriver"/>
  </testcase>
  <testcase name="testlearnHealthINsurance" classname="testhomepage.TestHomePage" time="0">
    <skipped message="Could not start Browser / Emulator&#10; Reason: &#10;Could not initialize class org.openqa.selenium.os.Kernel32 (WARNING: The server did not provide any stacktrace information)&#10;Command duration or timeout: 23.71 seconds&#10;Build info: version: &apos;3.141.59&apos;, revision: &apos;e82be7d358&apos;, time: &apos;2018-11-14T08:17:03&apos;&#10;System info: host: &apos;alrafis-Air.lan1&apos;, ip: &apos;2604:2000:1241:489d:0:0:0:29c%en0&apos;, os.name: &apos;Mac OS X&apos;, os.arch: &apos;x86_64&apos;, os.version: &apos;10.14.2&apos;, java.version: &apos;11.0.1&apos;&#10;Driver info: driver.version: RemoteWebDriver"/>
  </testcase>
  <testcase name="testlearnMedicaidPlans" classname="testhomepage.TestHomePage" time="0">
    <skipped message="Could not start Browser / Emulator&#10; Reason: &#10;Could not initialize class org.openqa.selenium.os.Kernel32 (WARNING: The server did not provide any stacktrace information)&#10;Command duration or timeout: 23.71 seconds&#10;Build info: version: &apos;3.141.59&apos;, revision: &apos;e82be7d358&apos;, time: &apos;2018-11-14T08:17:03&apos;&#10;System info: host: &apos;alrafis-Air.lan1&apos;, ip: &apos;2604:2000:1241:489d:0:0:0:29c%en0&apos;, os.name: &apos;Mac OS X&apos;, os.arch: &apos;x86_64&apos;, os.version: &apos;10.14.2&apos;, java.version: &apos;11.0.1&apos;&#10;Driver info: driver.version: RemoteWebDriver"/>
  </testcase>
  <testcase name="testlearnMore" classname="testhomepage.TestHomePage" time="0">
    <skipped message="Could not start Browser / Emulator&#10; Reason: &#10;Could not initialize class org.openqa.selenium.os.Kernel32 (WARNING: The server did not provide any stacktrace information)&#10;Command duration or timeout: 23.71 seconds&#10;Build info: version: &apos;3.141.59&apos;, revision: &apos;e82be7d358&apos;, time: &apos;2018-11-14T08:17:03&apos;&#10;System info: host: &apos;alrafis-Air.lan1&apos;, ip: &apos;2604:2000:1241:489d:0:0:0:29c%en0&apos;, os.name: &apos;Mac OS X&apos;, os.arch: &apos;x86_64&apos;, os.version: &apos;10.14.2&apos;, java.version: &apos;11.0.1&apos;&#10;Driver info: driver.version: RemoteWebDriver"/>
  </testcase>
  <testcase name="testlearnmoreBusiness" classname="testhomepage.TestHomePage" time="0">
    <skipped message="Could not start Browser / Emulator&#10; Reason: &#10;Could not initialize class org.openqa.selenium.os.Kernel32 (WARNING: The server did not provide any stacktrace information)&#10;Command duration or timeout: 23.71 seconds&#10;Build info: version: &apos;3.141.59&apos;, revision: &apos;e82be7d358&apos;, time: &apos;2018-11-14T08:17:03&apos;&#10;System info: host: &apos;alrafis-Air.lan1&apos;, ip: &apos;2604:2000:1241:489d:0:0:0:29c%en0&apos;, os.name: &apos;Mac OS X&apos;, os.arch: &apos;x86_64&apos;, os.version: &apos;10.14.2&apos;, java.version: &apos;11.0.1&apos;&#10;Driver info: driver.version: RemoteWebDriver"/>
  </testcase>
  <testcase name="testlearnmoreMedicare" classname="testhomepage.TestHomePage" time="0">
    <skipped message="Could not start Browser / Emulator&#10; Reason: &#10;Could not initialize class org.openqa.selenium.os.Kernel32 (WARNING: The server did not provide any stacktrace information)&#10;Command duration or timeout: 23.71 seconds&#10;Build info: version: &apos;3.141.59&apos;, revision: &apos;e82be7d358&apos;, time: &apos;2018-11-14T08:17:03&apos;&#10;System info: host: &apos;alrafis-Air.lan1&apos;, ip: &apos;2604:2000:1241:489d:0:0:0:29c%en0&apos;, os.name: &apos;Mac OS X&apos;, os.arch: &apos;x86_64&apos;, os.version: &apos;10.14.2&apos;, java.version: &apos;11.0.1&apos;&#10;Driver info: driver.version: RemoteWebDriver"/>
  </testcase>
  <testcase name="testlegalIssue" classname="testhomepage.TestHomePage" time="0">
    <skipped message="Could not start Browser / Emulator&#10; Reason: &#10;Could not initialize class org.openqa.selenium.os.Kernel32 (WARNING: The server did not provide any stacktrace information)&#10;Command duration or timeout: 23.71 seconds&#10;Build info: version: &apos;3.141.59&apos;, revision: &apos;e82be7d358&apos;, time: &apos;2018-11-14T08:17:03&apos;&#10;System info: host: &apos;alrafis-Air.lan1&apos;, ip: &apos;2604:2000:1241:489d:0:0:0:29c%en0&apos;, os.name: &apos;Mac OS X&apos;, os.arch: &apos;x86_64&apos;, os.version: &apos;10.14.2&apos;, java.version: &apos;11.0.1&apos;&#10;Driver info: driver.version: RemoteWebDriver"/>
  </testcase>
  <testcase name="testloginButton" classname="testhomepage.TestHomePage" time="0">
    <skipped message="Could not start Browser / Emulator&#10; Reason: &#10;Could not initialize class org.openqa.selenium.os.Kernel32 (WARNING: The server did not provide any stacktrace information)&#10;Command duration or timeout: 23.71 seconds&#10;Build info: version: &apos;3.141.59&apos;, revision: &apos;e82be7d358&apos;, time: &apos;2018-11-14T08:17:03&apos;&#10;System info: host: &apos;alrafis-Air.lan1&apos;, ip: &apos;2604:2000:1241:489d:0:0:0:29c%en0&apos;, os.name: &apos;Mac OS X&apos;, os.arch: &apos;x86_64&apos;, os.version: &apos;10.14.2&apos;, java.version: &apos;11.0.1&apos;&#10;Driver info: driver.version: RemoteWebDriver"/>
  </testcase>
  <testcase name="testmarketplaceInsurance" classname="testhomepage.TestHomePage" time="0">
    <skipped message="Could not start Browser / Emulator&#10; Reason: &#10;Could not initialize class org.openqa.selenium.os.Kernel32 (WARNING: The server did not provide any stacktrace information)&#10;Command duration or timeout: 23.71 seconds&#10;Build info: version: &apos;3.141.59&apos;, revision: &apos;e82be7d358&apos;, time: &apos;2018-11-14T08:17:03&apos;&#10;System info: host: &apos;alrafis-Air.lan1&apos;, ip: &apos;2604:2000:1241:489d:0:0:0:29c%en0&apos;, os.name: &apos;Mac OS X&apos;, os.arch: &apos;x86_64&apos;, os.version: &apos;10.14.2&apos;, java.version: &apos;11.0.1&apos;&#10;Driver info: driver.version: RemoteWebDriver"/>
  </testcase>
  <testcase name="testmedicaidProduct" classname="testhomepage.TestHomePage" time="0">
    <skipped message="Could not start Browser / Emulator&#10; Reason: &#10;Could not initialize class org.openqa.selenium.os.Kernel32 (WARNING: The server did not provide any stacktrace information)&#10;Command duration or timeout: 23.71 seconds&#10;Build info: version: &apos;3.141.59&apos;, revision: &apos;e82be7d358&apos;, time: &apos;2018-11-14T08:17:03&apos;&#10;System info: host: &apos;alrafis-Air.lan1&apos;, ip: &apos;2604:2000:1241:489d:0:0:0:29c%en0&apos;, os.name: &apos;Mac OS X&apos;, os.arch: &apos;x86_64&apos;, os.version: &apos;10.14.2&apos;, java.version: &apos;11.0.1&apos;&#10;Driver info: driver.version: RemoteWebDriver"/>
  </testcase>
  <testcase name="testmedicareLink" classname="testhomepage.TestHomePage" time="0">
    <skipped message="Could not start Browser / Emulator&#10; Reason: &#10;Could not initialize class org.openqa.selenium.os.Kernel32 (WARNING: The server did not provide any stacktrace information)&#10;Command duration or timeout: 23.71 seconds&#10;Build info: version: &apos;3.141.59&apos;, revision: &apos;e82be7d358&apos;, time: &apos;2018-11-14T08:17:03&apos;&#10;System info: host: &apos;alrafis-Air.lan1&apos;, ip: &apos;2604:2000:1241:489d:0:0:0:29c%en0&apos;, os.name: &apos;Mac OS X&apos;, os.arch: &apos;x86_64&apos;, os.version: &apos;10.14.2&apos;, java.version: &apos;11.0.1&apos;&#10;Driver info: driver.version: RemoteWebDriver"/>
  </testcase>
  <testcase name="testmedicareMenu" classname="testhomepage.TestHomePage" time="0">
    <skipped message="Could not start Browser / Emulator&#10; Reason: &#10;Could not initialize class org.openqa.selenium.os.Kernel32 (WARNING: The server did not provide any stacktrace information)&#10;Command duration or timeout: 23.71 seconds&#10;Build info: version: &apos;3.141.59&apos;, revision: &apos;e82be7d358&apos;, time: &apos;2018-11-14T08:17:03&apos;&#10;System info: host: &apos;alrafis-Air.lan1&apos;, ip: &apos;2604:2000:1241:489d:0:0:0:29c%en0&apos;, os.name: &apos;Mac OS X&apos;, os.arch: &apos;x86_64&apos;, os.version: &apos;10.14.2&apos;, java.version: &apos;11.0.1&apos;&#10;Driver info: driver.version: RemoteWebDriver"/>
  </testcase>
  <testcase name="testmemberResource" classname="testhomepage.TestHomePage" time="0">
    <skipped message="Could not start Browser / Emulator&#10; Reason: &#10;Could not initialize class org.openqa.selenium.os.Kernel32 (WARNING: The server did not provide any stacktrace information)&#10;Command duration or timeout: 23.71 seconds&#10;Build info: version: &apos;3.141.59&apos;, revision: &apos;e82be7d358&apos;, time: &apos;2018-11-14T08:17:03&apos;&#10;System info: host: &apos;alrafis-Air.lan1&apos;, ip: &apos;2604:2000:1241:489d:0:0:0:29c%en0&apos;, os.name: &apos;Mac OS X&apos;, os.arch: &apos;x86_64&apos;, os.version: &apos;10.14.2&apos;, java.version: &apos;11.0.1&apos;&#10;Driver info: driver.version: RemoteWebDriver"/>
  </testcase>
  <testcase name="testmenubutton" classname="testhomepage.TestHomePage" time="0">
    <skipped message="Could not start Browser / Emulator&#10; Reason: &#10;Could not initialize class org.openqa.selenium.os.Kernel32 (WARNING: The server did not provide any stacktrace information)&#10;Command duration or timeout: 23.71 seconds&#10;Build info: version: &apos;3.141.59&apos;, revision: &apos;e82be7d358&apos;, time: &apos;2018-11-14T08:17:03&apos;&#10;System info: host: &apos;alrafis-Air.lan1&apos;, ip: &apos;2604:2000:1241:489d:0:0:0:29c%en0&apos;, os.name: &apos;Mac OS X&apos;, os.arch: &apos;x86_64&apos;, os.version: &apos;10.14.2&apos;, java.version: &apos;11.0.1&apos;&#10;Driver info: driver.version: RemoteWebDriver"/>
  </testcase>
  <testcase name="testnearbyClinic" classname="testhomepage.TestHomePage" time="0">
    <skipped message="Could not start Browser / Emulator&#10; Reason: &#10;Could not initialize class org.openqa.selenium.os.Kernel32 (WARNING: The server did not provide any stacktrace information)&#10;Command duration or timeout: 23.71 seconds&#10;Build info: version: &apos;3.141.59&apos;, revision: &apos;e82be7d358&apos;, time: &apos;2018-11-14T08:17:03&apos;&#10;System info: host: &apos;alrafis-Air.lan1&apos;, ip: &apos;2604:2000:1241:489d:0:0:0:29c%en0&apos;, os.name: &apos;Mac OS X&apos;, os.arch: &apos;x86_64&apos;, os.version: &apos;10.14.2&apos;, java.version: &apos;11.0.1&apos;&#10;Driver info: driver.version: RemoteWebDriver"/>
  </testcase>
  <testcase name="testnewsRoom" classname="testhomepage.TestHomePage" time="0">
    <skipped message="Could not start Browser / Emulator&#10; Reason: &#10;Could not initialize class org.openqa.selenium.os.Kernel32 (WARNING: The server did not provide any stacktrace information)&#10;Command duration or timeout: 23.71 seconds&#10;Build info: version: &apos;3.141.59&apos;, revision: &apos;e82be7d358&apos;, time: &apos;2018-11-14T08:17:03&apos;&#10;System info: host: &apos;alrafis-Air.lan1&apos;, ip: &apos;2604:2000:1241:489d:0:0:0:29c%en0&apos;, os.name: &apos;Mac OS X&apos;, os.arch: &apos;x86_64&apos;, os.version: &apos;10.14.2&apos;, java.version: &apos;11.0.1&apos;&#10;Driver info: driver.version: RemoteWebDriver"/>
  </testcase>
  <testcase name="testnutritionLiving" classname="testhomepage.TestHomePage" time="0">
    <skipped message="Could not start Browser / Emulator&#10; Reason: &#10;Could not initialize class org.openqa.selenium.os.Kernel32 (WARNING: The server did not provide any stacktrace information)&#10;Command duration or timeout: 23.71 seconds&#10;Build info: version: &apos;3.141.59&apos;, revision: &apos;e82be7d358&apos;, time: &apos;2018-11-14T08:17:03&apos;&#10;System info: host: &apos;alrafis-Air.lan1&apos;, ip: &apos;2604:2000:1241:489d:0:0:0:29c%en0&apos;, os.name: &apos;Mac OS X&apos;, os.arch: &apos;x86_64&apos;, os.version: &apos;10.14.2&apos;, java.version: &apos;11.0.1&apos;&#10;Driver info: driver.version: RemoteWebDriver"/>
  </testcase>
  <testcase name="testopenEnrollment" classname="testhomepage.TestHomePage" time="0">
    <skipped message="Could not start Browser / Emulator&#10; Reason: &#10;Could not initialize class org.openqa.selenium.os.Kernel32 (WARNING: The server did not provide any stacktrace information)&#10;Command duration or timeout: 23.71 seconds&#10;Build info: version: &apos;3.141.59&apos;, revision: &apos;e82be7d358&apos;, time: &apos;2018-11-14T08:17:03&apos;&#10;System info: host: &apos;alrafis-Air.lan1&apos;, ip: &apos;2604:2000:1241:489d:0:0:0:29c%en0&apos;, os.name: &apos;Mac OS X&apos;, os.arch: &apos;x86_64&apos;, os.version: &apos;10.14.2&apos;, java.version: &apos;11.0.1&apos;&#10;Driver info: driver.version: RemoteWebDriver"/>
  </testcase>
  <testcase name="testplainGlossary" classname="testhomepage.TestHomePage" time="0">
    <skipped message="Could not start Browser / Emulator&#10; Reason: &#10;Could not initialize class org.openqa.selenium.os.Kernel32 (WARNING: The server did not provide any stacktrace information)&#10;Command duration or timeout: 23.71 seconds&#10;Build info: version: &apos;3.141.59&apos;, revision: &apos;e82be7d358&apos;, time: &apos;2018-11-14T08:17:03&apos;&#10;System info: host: &apos;alrafis-Air.lan1&apos;, ip: &apos;2604:2000:1241:489d:0:0:0:29c%en0&apos;, os.name: &apos;Mac OS X&apos;, os.arch: &apos;x86_64&apos;, os.version: &apos;10.14.2&apos;, java.version: &apos;11.0.1&apos;&#10;Driver info: driver.version: RemoteWebDriver"/>
  </testcase>
  <testcase name="testprintidCard" classname="testhomepage.TestHomePage" time="0">
    <skipped message="Could not start Browser / Emulator&#10; Reason: &#10;Could not initialize class org.openqa.selenium.os.Kernel32 (WARNING: The server did not provide any stacktrace information)&#10;Command duration or timeout: 23.71 seconds&#10;Build info: version: &apos;3.141.59&apos;, revision: &apos;e82be7d358&apos;, time: &apos;2018-11-14T08:17:03&apos;&#10;System info: host: &apos;alrafis-Air.lan1&apos;, ip: &apos;2604:2000:1241:489d:0:0:0:29c%en0&apos;, os.name: &apos;Mac OS X&apos;, os.arch: &apos;x86_64&apos;, os.version: &apos;10.14.2&apos;, java.version: &apos;11.0.1&apos;&#10;Driver info: driver.version: RemoteWebDriver"/>
  </testcase>
  <testcase name="testprivacy" classname="testhomepage.TestHomePage" time="0">
    <skipped message="Could not start Browser / Emulator&#10; Reason: &#10;Could not initialize class org.openqa.selenium.os.Kernel32 (WARNING: The server did not provide any stacktrace information)&#10;Command duration or timeout: 23.71 seconds&#10;Build info: version: &apos;3.141.59&apos;, revision: &apos;e82be7d358&apos;, time: &apos;2018-11-14T08:17:03&apos;&#10;System info: host: &apos;alrafis-Air.lan1&apos;, ip: &apos;2604:2000:1241:489d:0:0:0:29c%en0&apos;, os.name: &apos;Mac OS X&apos;, os.arch: &apos;x86_64&apos;, os.version: &apos;10.14.2&apos;, java.version: &apos;11.0.1&apos;&#10;Driver info: driver.version: RemoteWebDriver"/>
  </testcase>
  <testcase name="testprogramTools" classname="testhomepage.TestHomePage" time="0">
    <skipped message="Could not start Browser / Emulator&#10; Reason: &#10;Could not initialize class org.openqa.selenium.os.Kernel32 (WARNING: The server did not provide any stacktrace information)&#10;Command duration or timeout: 23.71 seconds&#10;Build info: version: &apos;3.141.59&apos;, revision: &apos;e82be7d358&apos;, time: &apos;2018-11-14T08:17:03&apos;&#10;System info: host: &apos;alrafis-Air.lan1&apos;, ip: &apos;2604:2000:1241:489d:0:0:0:29c%en0&apos;, os.name: &apos;Mac OS X&apos;, os.arch: &apos;x86_64&apos;, os.version: &apos;10.14.2&apos;, java.version: &apos;11.0.1&apos;&#10;Driver info: driver.version: RemoteWebDriver"/>
  </testcase>
  <testcase name="testproviderPortal" classname="testhomepage.TestHomePage" time="0">
    <skipped message="Could not start Browser / Emulator&#10; Reason: &#10;Could not initialize class org.openqa.selenium.os.Kernel32 (WARNING: The server did not provide any stacktrace information)&#10;Command duration or timeout: 23.71 seconds&#10;Build info: version: &apos;3.141.59&apos;, revision: &apos;e82be7d358&apos;, time: &apos;2018-11-14T08:17:03&apos;&#10;System info: host: &apos;alrafis-Air.lan1&apos;, ip: &apos;2604:2000:1241:489d:0:0:0:29c%en0&apos;, os.name: &apos;Mac OS X&apos;, os.arch: &apos;x86_64&apos;, os.version: &apos;10.14.2&apos;, java.version: &apos;11.0.1&apos;&#10;Driver info: driver.version: RemoteWebDriver"/>
  </testcase>
  <testcase name="testsearchName" classname="testhomepage.TestHomePage" time="0">
    <skipped message="Could not start Browser / Emulator&#10; Reason: &#10;Could not initialize class org.openqa.selenium.os.Kernel32 (WARNING: The server did not provide any stacktrace information)&#10;Command duration or timeout: 23.71 seconds&#10;Build info: version: &apos;3.141.59&apos;, revision: &apos;e82be7d358&apos;, time: &apos;2018-11-14T08:17:03&apos;&#10;System info: host: &apos;alrafis-Air.lan1&apos;, ip: &apos;2604:2000:1241:489d:0:0:0:29c%en0&apos;, os.name: &apos;Mac OS X&apos;, os.arch: &apos;x86_64&apos;, os.version: &apos;10.14.2&apos;, java.version: &apos;11.0.1&apos;&#10;Driver info: driver.version: RemoteWebDriver"/>
  </testcase>
  <testcase name="testseatchText" classname="testhomepage.TestHomePage" time="0">
    <skipped message="Could not start Browser / Emulator&#10; Reason: &#10;Could not initialize class org.openqa.selenium.os.Kernel32 (WARNING: The server did not provide any stacktrace information)&#10;Command duration or timeout: 23.71 seconds&#10;Build info: version: &apos;3.141.59&apos;, revision: &apos;e82be7d358&apos;, time: &apos;2018-11-14T08:17:03&apos;&#10;System info: host: &apos;alrafis-Air.lan1&apos;, ip: &apos;2604:2000:1241:489d:0:0:0:29c%en0&apos;, os.name: &apos;Mac OS X&apos;, os.arch: &apos;x86_64&apos;, os.version: &apos;10.14.2&apos;, java.version: &apos;11.0.1&apos;&#10;Driver info: driver.version: RemoteWebDriver"/>
  </testcase>
  <testcase name="testseeLogo" classname="testhomepage.TestHomePage" time="0">
    <skipped message="Could not start Browser / Emulator&#10; Reason: &#10;Could not initialize class org.openqa.selenium.os.Kernel32 (WARNING: The server did not provide any stacktrace information)&#10;Command duration or timeout: 23.71 seconds&#10;Build info: version: &apos;3.141.59&apos;, revision: &apos;e82be7d358&apos;, time: &apos;2018-11-14T08:17:03&apos;&#10;System info: host: &apos;alrafis-Air.lan1&apos;, ip: &apos;2604:2000:1241:489d:0:0:0:29c%en0&apos;, os.name: &apos;Mac OS X&apos;, os.arch: &apos;x86_64&apos;, os.version: &apos;10.14.2&apos;, java.version: &apos;11.0.1&apos;&#10;Driver info: driver.version: RemoteWebDriver"/>
  </testcase>
  <testcase name="testshorttermHealth" classname="testhomepage.TestHomePage" time="0">
    <skipped message="Could not start Browser / Emulator&#10; Reason: &#10;Could not initialize class org.openqa.selenium.os.Kernel32 (WARNING: The server did not provide any stacktrace information)&#10;Command duration or timeout: 23.71 seconds&#10;Build info: version: &apos;3.141.59&apos;, revision: &apos;e82be7d358&apos;, time: &apos;2018-11-14T08:17:03&apos;&#10;System info: host: &apos;alrafis-Air.lan1&apos;, ip: &apos;2604:2000:1241:489d:0:0:0:29c%en0&apos;, os.name: &apos;Mac OS X&apos;, os.arch: &apos;x86_64&apos;, os.version: &apos;10.14.2&apos;, java.version: &apos;11.0.1&apos;&#10;Driver info: driver.version: RemoteWebDriver"/>
  </testcase>
  <testcase name="testsigninUHC" classname="testhomepage.TestHomePage" time="0">
    <skipped message="Could not start Browser / Emulator&#10; Reason: &#10;Could not initialize class org.openqa.selenium.os.Kernel32 (WARNING: The server did not provide any stacktrace information)&#10;Command duration or timeout: 23.71 seconds&#10;Build info: version: &apos;3.141.59&apos;, revision: &apos;e82be7d358&apos;, time: &apos;2018-11-14T08:17:03&apos;&#10;System info: host: &apos;alrafis-Air.lan1&apos;, ip: &apos;2604:2000:1241:489d:0:0:0:29c%en0&apos;, os.name: &apos;Mac OS X&apos;, os.arch: &apos;x86_64&apos;, os.version: &apos;10.14.2&apos;, java.version: &apos;11.0.1&apos;&#10;Driver info: driver.version: RemoteWebDriver"/>
  </testcase>
  <testcase name="testsupplementInsurance" classname="testhomepage.TestHomePage" time="0">
    <skipped message="Could not start Browser / Emulator&#10; Reason: &#10;Could not initialize class org.openqa.selenium.os.Kernel32 (WARNING: The server did not provide any stacktrace information)&#10;Command duration or timeout: 23.71 seconds&#10;Build info: version: &apos;3.141.59&apos;, revision: &apos;e82be7d358&apos;, time: &apos;2018-11-14T08:17:03&apos;&#10;System info: host: &apos;alrafis-Air.lan1&apos;, ip: &apos;2604:2000:1241:489d:0:0:0:29c%en0&apos;, os.name: &apos;Mac OS X&apos;, os.arch: &apos;x86_64&apos;, os.version: &apos;10.14.2&apos;, java.version: &apos;11.0.1&apos;&#10;Driver info: driver.version: RemoteWebDriver"/>
  </testcase>
  <testcase name="testtermLifeInsurance" classname="testhomepage.TestHomePage" time="0">
    <skipped message="Could not start Browser / Emulator&#10; Reason: &#10;Could not initialize class org.openqa.selenium.os.Kernel32 (WARNING: The server did not provide any stacktrace information)&#10;Command duration or timeout: 23.71 seconds&#10;Build info: version: &apos;3.141.59&apos;, revision: &apos;e82be7d358&apos;, time: &apos;2018-11-14T08:17:03&apos;&#10;System info: host: &apos;alrafis-Air.lan1&apos;, ip: &apos;2604:2000:1241:489d:0:0:0:29c%en0&apos;, os.name: &apos;Mac OS X&apos;, os.arch: &apos;x86_64&apos;, os.version: &apos;10.14.2&apos;, java.version: &apos;11.0.1&apos;&#10;Driver info: driver.version: RemoteWebDriver"/>
  </testcase>
  <testcase name="testtermsofUse" classname="testhomepage.TestHomePage" time="0">
    <skipped message="Could not start Browser / Emulator&#10; Reason: &#10;Could not initialize class org.openqa.selenium.os.Kernel32 (WARNING: The server did not provide any stacktrace information)&#10;Command duration or timeout: 23.71 seconds&#10;Build info: version: &apos;3.141.59&apos;, revision: &apos;e82be7d358&apos;, time: &apos;2018-11-14T08:17:03&apos;&#10;System info: host: &apos;alrafis-Air.lan1&apos;, ip: &apos;2604:2000:1241:489d:0:0:0:29c%en0&apos;, os.name: &apos;Mac OS X&apos;, os.arch: &apos;x86_64&apos;, os.version: &apos;10.14.2&apos;, java.version: &apos;11.0.1&apos;&#10;Driver info: driver.version: RemoteWebDriver"/>
  </testcase>
  <testcase name="testtravelInsurance" classname="testhomepage.TestHomePage" time="0">
    <skipped message="Could not start Browser / Emulator&#10; Reason: &#10;Could not initialize class org.openqa.selenium.os.Kernel32 (WARNING: The server did not provide any stacktrace information)&#10;Command duration or timeout: 23.71 seconds&#10;Build info: version: &apos;3.141.59&apos;, revision: &apos;e82be7d358&apos;, time: &apos;2018-11-14T08:17:03&apos;&#10;System info: host: &apos;alrafis-Air.lan1&apos;, ip: &apos;2604:2000:1241:489d:0:0:0:29c%en0&apos;, os.name: &apos;Mac OS X&apos;, os.arch: &apos;x86_64&apos;, os.version: &apos;10.14.2&apos;, java.version: &apos;11.0.1&apos;&#10;Driver info: driver.version: RemoteWebDriver"/>
  </testcase>
  <testcase name="testtrytosignIn" classname="testhomepage.TestHomePage" time="0">
    <skipped message="Could not start Browser / Emulator&#10; Reason: &#10;Could not initialize class org.openqa.selenium.os.Kernel32 (WARNING: The server did not provide any stacktrace information)&#10;Command duration or timeout: 23.71 seconds&#10;Build info: version: &apos;3.141.59&apos;, revision: &apos;e82be7d358&apos;, time: &apos;2018-11-14T08:17:03&apos;&#10;System info: host: &apos;alrafis-Air.lan1&apos;, ip: &apos;2604:2000:1241:489d:0:0:0:29c%en0&apos;, os.name: &apos;Mac OS X&apos;, os.arch: &apos;x86_64&apos;, os.version: &apos;10.14.2&apos;, java.version: &apos;11.0.1&apos;&#10;Driver info: driver.version: RemoteWebDriver"/>
  </testcase>
  <testcase name="testunitedReform" classname="testhomepage.TestHomePage" time="0">
    <skipped message="Could not start Browser / Emulator&#10; Reason: &#10;Could not initialize class org.openqa.selenium.os.Kernel32 (WARNING: The server did not provide any stacktrace information)&#10;Command duration or timeout: 23.71 seconds&#10;Build info: version: &apos;3.141.59&apos;, revision: &apos;e82be7d358&apos;, time: &apos;2018-11-14T08:17:03&apos;&#10;System info: host: &apos;alrafis-Air.lan1&apos;, ip: &apos;2604:2000:1241:489d:0:0:0:29c%en0&apos;, os.name: &apos;Mac OS X&apos;, os.arch: &apos;x86_64&apos;, os.version: &apos;10.14.2&apos;, java.version: &apos;11.0.1&apos;&#10;Driver info: driver.version: RemoteWebDriver"/>
  </testcase>
  <testcase name="testvaluebasedCare" classname="testhomepage.TestHomePage" time="0">
    <skipped message="Could not start Browser / Emulator&#10; Reason: &#10;Could not initialize class org.openqa.selenium.os.Kernel32 (WARNING: The server did not provide any stacktrace information)&#10;Command duration or timeout: 23.71 seconds&#10;Build info: version: &apos;3.141.59&apos;, revision: &apos;e82be7d358&apos;, time: &apos;2018-11-14T08:17:03&apos;&#10;System info: host: &apos;alrafis-Air.lan1&apos;, ip: &apos;2604:2000:1241:489d:0:0:0:29c%en0&apos;, os.name: &apos;Mac OS X&apos;, os.arch: &apos;x86_64&apos;, os.version: &apos;10.14.2&apos;, java.version: &apos;11.0.1&apos;&#10;Driver info: driver.version: RemoteWebDriver"/>
  </testcase>
  <testcase name="testviewDental" classname="testhomepage.TestHomePage" time="0">
    <skipped message="Could not start Browser / Emulator&#10; Reason: &#10;Could not initialize class org.openqa.selenium.os.Kernel32 (WARNING: The server did not provide any stacktrace information)&#10;Command duration or timeout: 23.71 seconds&#10;Build info: version: &apos;3.141.59&apos;, revision: &apos;e82be7d358&apos;, time: &apos;2018-11-14T08:17:03&apos;&#10;System info: host: &apos;alrafis-Air.lan1&apos;, ip: &apos;2604:2000:1241:489d:0:0:0:29c%en0&apos;, os.name: &apos;Mac OS X&apos;, os.arch: &apos;x86_64&apos;, os.version: &apos;10.14.2&apos;, java.version: &apos;11.0.1&apos;&#10;Driver info: driver.version: RemoteWebDriver"/>
  </testcase>
  <testcase name="testviewHealthINsurance" classname="testhomepage.TestHomePage" time="0">
    <skipped message="Could not start Browser / Emulator&#10; Reason: &#10;Could not initialize class org.openqa.selenium.os.Kernel32 (WARNING: The server did not provide any stacktrace information)&#10;Command duration or timeout: 23.71 seconds&#10;Build info: version: &apos;3.141.59&apos;, revision: &apos;e82be7d358&apos;, time: &apos;2018-11-14T08:17:03&apos;&#10;System info: host: &apos;alrafis-Air.lan1&apos;, ip: &apos;2604:2000:1241:489d:0:0:0:29c%en0&apos;, os.name: &apos;Mac OS X&apos;, os.arch: &apos;x86_64&apos;, os.version: &apos;10.14.2&apos;, java.version: &apos;11.0.1&apos;&#10;Driver info: driver.version: RemoteWebDriver"/>
  </testcase>
  <testcase name="testviewclaimAccount" classname="testhomepage.TestHomePage" time="0">
    <skipped message="Could not start Browser / Emulator&#10; Reason: &#10;Could not initialize class org.openqa.selenium.os.Kernel32 (WARNING: The server did not provide any stacktrace information)&#10;Command duration or timeout: 23.71 seconds&#10;Build info: version: &apos;3.141.59&apos;, revision: &apos;e82be7d358&apos;, time: &apos;2018-11-14T08:17:03&apos;&#10;System info: host: &apos;alrafis-Air.lan1&apos;, ip: &apos;2604:2000:1241:489d:0:0:0:29c%en0&apos;, os.name: &apos;Mac OS X&apos;, os.arch: &apos;x86_64&apos;, os.version: &apos;10.14.2&apos;, java.version: &apos;11.0.1&apos;&#10;Driver info: driver.version: RemoteWebDriver"/>
  </testcase>
  <testcase name="testviewdrugList" classname="testhomepage.TestHomePage" time="0">
    <skipped message="Could not start Browser / Emulator&#10; Reason: &#10;Could not initialize class org.openqa.selenium.os.Kernel32 (WARNING: The server did not provide any stacktrace information)&#10;Command duration or timeout: 23.71 seconds&#10;Build info: version: &apos;3.141.59&apos;, revision: &apos;e82be7d358&apos;, time: &apos;2018-11-14T08:17:03&apos;&#10;System info: host: &apos;alrafis-Air.lan1&apos;, ip: &apos;2604:2000:1241:489d:0:0:0:29c%en0&apos;, os.name: &apos;Mac OS X&apos;, os.arch: &apos;x86_64&apos;, os.version: &apos;10.14.2&apos;, java.version: &apos;11.0.1&apos;&#10;Driver info: driver.version: RemoteWebDriver"/>
  </testcase>
  <testcase name="testviewindividualAndFamily" classname="testhomepage.TestHomePage" time="0">
    <skipped message="Could not start Browser / Emulator&#10; Reason: &#10;Could not initialize class org.openqa.selenium.os.Kernel32 (WARNING: The server did not provide any stacktrace information)&#10;Command duration or timeout: 23.71 seconds&#10;Build info: version: &apos;3.141.59&apos;, revision: &apos;e82be7d358&apos;, time: &apos;2018-11-14T08:17:03&apos;&#10;System info: host: &apos;alrafis-Air.lan1&apos;, ip: &apos;2604:2000:1241:489d:0:0:0:29c%en0&apos;, os.name: &apos;Mac OS X&apos;, os.arch: &apos;x86_64&apos;, os.version: &apos;10.14.2&apos;, java.version: &apos;11.0.1&apos;&#10;Driver info: driver.version: RemoteWebDriver"/>
  </testcase>
  <testcase name="testvisionInsurance" classname="testhomepage.TestHomePage" time="0">
    <skipped message="Could not start Browser / Emulator&#10; Reason: &#10;Could not initialize class org.openqa.selenium.os.Kernel32 (WARNING: The server did not provide any stacktrace information)&#10;Command duration or timeout: 23.71 seconds&#10;Build info: version: &apos;3.141.59&apos;, revision: &apos;e82be7d358&apos;, time: &apos;2018-11-14T08:17:03&apos;&#10;System info: host: &apos;alrafis-Air.lan1&apos;, ip: &apos;2604:2000:1241:489d:0:0:0:29c%en0&apos;, os.name: &apos;Mac OS X&apos;, os.arch: &apos;x86_64&apos;, os.version: &apos;10.14.2&apos;, java.version: &apos;11.0.1&apos;&#10;Driver info: driver.version: RemoteWebDriver"/>
  </testcase>
  <testcase name="testvisionProduct" classname="testhomepage.TestHomePage" time="0">
    <skipped message="Could not start Browser / Emulator&#10; Reason: &#10;Could not initialize class org.openqa.selenium.os.Kernel32 (WARNING: The server did not provide any stacktrace information)&#10;Command duration or timeout: 23.71 seconds&#10;Build info: version: &apos;3.141.59&apos;, revision: &apos;e82be7d358&apos;, time: &apos;2018-11-14T08:17:03&apos;&#10;System info: host: &apos;alrafis-Air.lan1&apos;, ip: &apos;2604:2000:1241:489d:0:0:0:29c%en0&apos;, os.name: &apos;Mac OS X&apos;, os.arch: &apos;x86_64&apos;, os.version: &apos;10.14.2&apos;, java.version: &apos;11.0.1&apos;&#10;Driver info: driver.version: RemoteWebDriver"/>
  </testcase>
  <testcase name="generateReport" classname="testhomepage.TestHomePage" time="0">
    <skipped/>
  </testcase>
</testsuite>