<?xml version="1.0" encoding="UTF-8"?>
<!-- Generated by org.testng.reporters.JUnitXMLReporter -->
<testsuite ignored="0" hostname="alrafis-Air.lan1" failures="0" tests="72" name="Test" time="165.238" errors="0" timestamp="26 Jan 2019 04:24:54 GMT">
  <testcase classname="base.BaseUtil" name="@BeforeMethod setUp" time="23.731">
    <failure type="org.openqa.selenium.WebDriverException" message="Could not start Browser / Emulator
 Reason: 
Could not initialize class org.openqa.selenium.os.Kernel32 (WARNING: The server did not provide any stacktrace information)
Command duration or timeout: 23.71 seconds
Build info: version: &amp;apos;3.141.59&amp;apos;, revision: &amp;apos;e82be7d358&amp;apos;, time: &amp;apos;2018-11-14T08:17:03&amp;apos;
System info: host: &amp;apos;alrafis-Air.lan1&amp;apos;, ip: &amp;apos;2604:2000:1241:489d:0:0:0:29c%en0&amp;apos;, os.name: &amp;apos;Mac OS X&amp;apos;, os.arch: &amp;apos;x86_64&amp;apos;, os.version: &amp;apos;10.14.2&amp;apos;, java.version: &amp;apos;11.0.1&amp;apos;
Driver info: driver.version: RemoteWebDriver">
      <![CDATA[org.openqa.selenium.WebDriverException: Could not start Browser / Emulator
 Reason: 
Could not initialize class org.openqa.selenium.os.Kernel32 (WARNING: The server did not provide any stacktrace information)
Command duration or timeout: 23.71 seconds
Build info: version: '3.141.59', revision: 'e82be7d358', time: '2018-11-14T08:17:03'
System info: host: 'alrafis-Air.lan1', ip: '2604:2000:1241:489d:0:0:0:29c%en0', os.name: 'Mac OS X', os.arch: 'x86_64', os.version: '10.14.2', java.version: '11.0.1'
Driver info: driver.version: RemoteWebDriver
at org.openqa.selenium.remote.ErrorHandler.createThrowable(ErrorHandler.java:214)
at org.openqa.selenium.remote.ErrorHandler.throwIfResponseFailed(ErrorHandler.java:166)
at org.openqa.selenium.remote.JsonWireProtocolResponse.lambda$errorHandler$0(JsonWireProtocolResponse.java:54)
at org.openqa.selenium.remote.HandshakeResponse.lambda$getResponseFunction$0(HandshakeResponse.java:30)
at org.openqa.selenium.remote.ProtocolHandshake.lambda$createSession$0(ProtocolHandshake.java:126)
at java.base/java.util.stream.ReferencePipeline$3$1.accept(ReferencePipeline.java:195)
at java.base/java.util.Spliterators$ArraySpliterator.tryAdvance(Spliterators.java:958)
at java.base/java.util.stream.ReferencePipeline.forEachWithCancel(ReferencePipeline.java:127)
at java.base/java.util.stream.AbstractPipeline.copyIntoWithCancel(AbstractPipeline.java:502)
at java.base/java.util.stream.AbstractPipeline.copyInto(AbstractPipeline.java:488)
at java.base/java.util.stream.AbstractPipeline.wrapAndCopyInto(AbstractPipeline.java:474)
at java.base/java.util.stream.FindOps$FindOp.evaluateSequential(FindOps.java:150)
at java.base/java.util.stream.AbstractPipeline.evaluate(AbstractPipeline.java:234)
at java.base/java.util.stream.ReferencePipeline.findFirst(ReferencePipeline.java:543)
at org.openqa.selenium.remote.ProtocolHandshake.createSession(ProtocolHandshake.java:128)
at org.openqa.selenium.remote.ProtocolHandshake.createSession(ProtocolHandshake.java:74)
at org.openqa.selenium.remote.HttpCommandExecutor.execute(HttpCommandExecutor.java:136)
at org.openqa.selenium.remote.RemoteWebDriver.execute(RemoteWebDriver.java:552)
at org.openqa.selenium.remote.RemoteWebDriver.startSession(RemoteWebDriver.java:213)
at org.openqa.selenium.remote.RemoteWebDriver.<init>(RemoteWebDriver.java:131)
at org.openqa.selenium.remote.RemoteWebDriver.<init>(RemoteWebDriver.java:144)
at base.BaseUtil.getCloudDriver(BaseUtil.java:119)
at base.BaseUtil.setUp(BaseUtil.java:133)
... Removed 36 stack frames]]>
    </failure>
  </testcase> <!-- @BeforeMethod setUp -->
  <testcase classname="base.BaseUtil" name="@BeforeMethod startExtent" time="0.0">
    <skipped/>
  </testcase> <!-- @BeforeMethod startExtent -->
  <testcase classname="testhomepage.TestHomePage" name="@BeforeMethod initElements" time="0.0">
    <skipped/>
  </testcase> <!-- @BeforeMethod initElements -->
  <testcase classname="base.BaseUtil" name="@AfterMethod afterEachTestMethod" time="0.0">
    <skipped/>
  </testcase> <!-- @AfterMethod afterEachTestMethod -->
  <testcase classname="base.BaseUtil" name="@BeforeMethod setUp" time="0.0">
    <skipped/>
  </testcase> <!-- @BeforeMethod setUp -->
  <testcase classname="base.BaseUtil" name="@BeforeMethod startExtent" time="0.0">
    <skipped/>
  </testcase> <!-- @BeforeMethod startExtent -->
  <testcase classname="testhomepage.TestHomePage" name="@BeforeMethod initElements" time="0.0">
    <skipped/>
  </testcase> <!-- @BeforeMethod initElements -->
  <testcase classname="base.BaseUtil" name="@AfterMethod afterEachTestMethod" time="0.0">
    <skipped/>
  </testcase> <!-- @AfterMethod afterEachTestMethod -->
  <testcase classname="base.BaseUtil" name="@BeforeMethod setUp" time="0.0">
    <skipped/>
  </testcase> <!-- @BeforeMethod setUp -->
  <testcase classname="base.BaseUtil" name="@BeforeMethod startExtent" time="0.0">
    <skipped/>
  </testcase> <!-- @BeforeMethod startExtent -->
  <testcase classname="testhomepage.TestHomePage" name="@BeforeMethod initElements" time="0.0">
    <skipped/>
  </testcase> <!-- @BeforeMethod initElements -->
  <testcase classname="base.BaseUtil" name="@AfterMethod afterEachTestMethod" time="0.0">
    <skipped/>
  </testcase> <!-- @AfterMethod afterEachTestMethod -->
  <testcase classname="base.BaseUtil" name="@BeforeMethod setUp" time="0.0">
    <skipped/>
  </testcase> <!-- @BeforeMethod setUp -->
  <testcase classname="base.BaseUtil" name="@BeforeMethod startExtent" time="0.0">
    <skipped/>
  </testcase> <!-- @BeforeMethod startExtent -->
  <testcase classname="testhomepage.TestHomePage" name="@BeforeMethod initElements" time="0.0">
    <skipped/>
  </testcase> <!-- @BeforeMethod initElements -->
  <testcase classname="base.BaseUtil" name="@AfterMethod afterEachTestMethod" time="0.0">
    <skipped/>
  </testcase> <!-- @AfterMethod afterEachTestMethod -->
  <testcase classname="base.BaseUtil" name="@BeforeMethod setUp" time="0.0">
    <skipped/>
  </testcase> <!-- @BeforeMethod setUp -->
  <testcase classname="base.BaseUtil" name="@BeforeMethod startExtent" time="0.0">
    <skipped/>
  </testcase> <!-- @BeforeMethod startExtent -->
  <testcase classname="testhomepage.TestHomePage" name="@BeforeMethod initElements" time="0.0">
    <skipped/>
  </testcase> <!-- @BeforeMethod initElements -->
  <testcase classname="base.BaseUtil" name="@AfterMethod afterEachTestMethod" time="0.0">
    <skipped/>
  </testcase> <!-- @AfterMethod afterEachTestMethod -->
  <testcase classname="base.BaseUtil" name="@BeforeMethod setUp" time="0.0">
    <skipped/>
  </testcase> <!-- @BeforeMethod setUp -->
  <testcase classname="base.BaseUtil" name="@BeforeMethod startExtent" time="0.0">
    <skipped/>
  </testcase> <!-- @BeforeMethod startExtent -->
  <testcase classname="testhomepage.TestHomePage" name="@BeforeMethod initElements" time="0.0">
    <skipped/>
  </testcase> <!-- @BeforeMethod initElements -->
  <testcase classname="base.BaseUtil" name="@AfterMethod afterEachTestMethod" time="0.0">
    <skipped/>
  </testcase> <!-- @AfterMethod afterEachTestMethod -->
  <testcase classname="base.BaseUtil" name="@BeforeMethod setUp" time="0.0">
    <skipped/>
  </testcase> <!-- @BeforeMethod setUp -->
  <testcase classname="base.BaseUtil" name="@BeforeMethod startExtent" time="0.0">
    <skipped/>
  </testcase> <!-- @BeforeMethod startExtent -->
  <testcase classname="testhomepage.TestHomePage" name="@BeforeMethod initElements" time="0.0">
    <skipped/>
  </testcase> <!-- @BeforeMethod initElements -->
  <testcase classname="base.BaseUtil" name="@AfterMethod afterEachTestMethod" time="0.0">
    <skipped/>
  </testcase> <!-- @AfterMethod afterEachTestMethod -->
  <testcase classname="base.BaseUtil" name="@BeforeMethod setUp" time="0.0">
    <skipped/>
  </testcase> <!-- @BeforeMethod setUp -->
  <testcase classname="base.BaseUtil" name="@BeforeMethod startExtent" time="0.0">
    <skipped/>
  </testcase> <!-- @BeforeMethod startExtent -->
  <testcase classname="testhomepage.TestHomePage" name="@BeforeMethod initElements" time="0.0">
    <skipped/>
  </testcase> <!-- @BeforeMethod initElements -->
  <testcase classname="base.BaseUtil" name="@AfterMethod afterEachTestMethod" time="0.0">
    <skipped/>
  </testcase> <!-- @AfterMethod afterEachTestMethod -->
  <testcase classname="base.BaseUtil" name="@BeforeMethod setUp" time="0.0">
    <skipped/>
  </testcase> <!-- @BeforeMethod setUp -->
  <testcase classname="base.BaseUtil" name="@BeforeMethod startExtent" time="0.0">
    <skipped/>
  </testcase> <!-- @BeforeMethod startExtent -->
  <testcase classname="testhomepage.TestHomePage" name="@BeforeMethod initElements" time="0.0">
    <skipped/>
  </testcase> <!-- @BeforeMethod initElements -->
  <testcase classname="base.BaseUtil" name="@AfterMethod afterEachTestMethod" time="0.0">
    <skipped/>
  </testcase> <!-- @AfterMethod afterEachTestMethod -->
  <testcase classname="base.BaseUtil" name="@BeforeMethod setUp" time="0.0">
    <skipped/>
  </testcase> <!-- @BeforeMethod setUp -->
  <testcase classname="base.BaseUtil" name="@BeforeMethod startExtent" time="0.0">
    <skipped/>
  </testcase> <!-- @BeforeMethod startExtent -->
  <testcase classname="testhomepage.TestHomePage" name="@BeforeMethod initElements" time="0.0">
    <skipped/>
  </testcase> <!-- @BeforeMethod initElements -->
  <testcase classname="base.BaseUtil" name="@AfterMethod afterEachTestMethod" time="0.0">
    <skipped/>
  </testcase> <!-- @AfterMethod afterEachTestMethod -->
  <testcase classname="base.BaseUtil" name="@BeforeMethod setUp" time="0.0">
    <skipped/>
  </testcase> <!-- @BeforeMethod setUp -->
  <testcase classname="base.BaseUtil" name="@BeforeMethod startExtent" time="0.0">
    <skipped/>
  </testcase> <!-- @BeforeMethod startExtent -->
  <testcase classname="testhomepage.TestHomePage" name="@BeforeMethod initElements" time="0.0">
    <skipped/>
  </testcase> <!-- @BeforeMethod initElements -->
  <testcase classname="base.BaseUtil" name="@AfterMethod afterEachTestMethod" time="0.0">
    <skipped/>
  </testcase> <!-- @AfterMethod afterEachTestMethod -->
  <testcase classname="base.BaseUtil" name="@BeforeMethod setUp" time="0.0">
    <skipped/>
  </testcase> <!-- @BeforeMethod setUp -->
  <testcase classname="base.BaseUtil" name="@BeforeMethod startExtent" time="0.0">
    <skipped/>
  </testcase> <!-- @BeforeMethod startExtent -->
  <testcase classname="testhomepage.TestHomePage" name="@BeforeMethod initElements" time="0.0">
    <skipped/>
  </testcase> <!-- @BeforeMethod initElements -->
  <testcase classname="base.BaseUtil" name="@AfterMethod afterEachTestMethod" time="0.0">
    <skipped/>
  </testcase> <!-- @AfterMethod afterEachTestMethod -->
  <testcase classname="base.BaseUtil" name="@BeforeMethod setUp" time="0.0">
    <skipped/>
  </testcase> <!-- @BeforeMethod setUp -->
  <testcase classname="base.BaseUtil" name="@BeforeMethod startExtent" time="0.0">
    <skipped/>
  </testcase> <!-- @BeforeMethod startExtent -->
  <testcase classname="testhomepage.TestHomePage" name="@BeforeMethod initElements" time="0.0">
    <skipped/>
  </testcase> <!-- @BeforeMethod initElements -->
  <testcase classname="base.BaseUtil" name="@AfterMethod afterEachTestMethod" time="0.0">
    <skipped/>
  </testcase> <!-- @AfterMethod afterEachTestMethod -->
  <testcase classname="base.BaseUtil" name="@BeforeMethod setUp" time="0.0">
    <skipped/>
  </testcase> <!-- @BeforeMethod setUp -->
  <testcase classname="base.BaseUtil" name="@BeforeMethod startExtent" time="0.0">
    <skipped/>
  </testcase> <!-- @BeforeMethod startExtent -->
  <testcase classname="testhomepage.TestHomePage" name="@BeforeMethod initElements" time="0.0">
    <skipped/>
  </testcase> <!-- @BeforeMethod initElements -->
  <testcase classname="base.BaseUtil" name="@AfterMethod afterEachTestMethod" time="0.0">
    <skipped/>
  </testcase> <!-- @AfterMethod afterEachTestMethod -->
  <testcase classname="base.BaseUtil" name="@BeforeMethod setUp" time="0.0">
    <skipped/>
  </testcase> <!-- @BeforeMethod setUp -->
  <testcase classname="base.BaseUtil" name="@BeforeMethod startExtent" time="0.0">
    <skipped/>
  </testcase> <!-- @BeforeMethod startExtent -->
  <testcase classname="testhomepage.TestHomePage" name="@BeforeMethod initElements" time="0.0">
    <skipped/>
  </testcase> <!-- @BeforeMethod initElements -->
  <testcase classname="base.BaseUtil" name="@AfterMethod afterEachTestMethod" time="0.0">
    <skipped/>
  </testcase> <!-- @AfterMethod afterEachTestMethod -->
  <testcase classname="base.BaseUtil" name="@BeforeMethod setUp" time="0.0">
    <skipped/>
  </testcase> <!-- @BeforeMethod setUp -->
  <testcase classname="base.BaseUtil" name="@BeforeMethod startExtent" time="0.0">
    <skipped/>
  </testcase> <!-- @BeforeMethod startExtent -->
  <testcase classname="testhomepage.TestHomePage" name="@BeforeMethod initElements" time="0.0">
    <skipped/>
  </testcase> <!-- @BeforeMethod initElements -->
  <testcase classname="base.BaseUtil" name="@AfterMethod afterEachTestMethod" time="0.0">
    <skipped/>
  </testcase> <!-- @AfterMethod afterEachTestMethod -->
  <testcase classname="base.BaseUtil" name="@BeforeMethod setUp" time="0.0">
    <skipped/>
  </testcase> <!-- @BeforeMethod setUp -->
  <testcase classname="base.BaseUtil" name="@BeforeMethod startExtent" time="0.0">
    <skipped/>
  </testcase> <!-- @BeforeMethod startExtent -->
  <testcase classname="testhomepage.TestHomePage" name="@BeforeMethod initElements" time="0.0">
    <skipped/>
  </testcase> <!-- @BeforeMethod initElements -->
  <testcase classname="base.BaseUtil" name="@AfterMethod afterEachTestMethod" time="0.0">
    <skipped/>
  </testcase> <!-- @AfterMethod afterEachTestMethod -->
  <testcase classname="base.BaseUtil" name="@BeforeMethod setUp" time="0.0">
    <skipped/>
  </testcase> <!-- @BeforeMethod setUp -->
  <testcase classname="base.BaseUtil" name="@BeforeMethod startExtent" time="0.0">
    <skipped/>
  </testcase> <!-- @BeforeMethod startExtent -->
  <testcase classname="testhomepage.TestHomePage" name="@BeforeMethod initElements" time="0.0">
    <skipped/>
  </testcase> <!-- @BeforeMethod initElements -->
  <testcase classname="base.BaseUtil" name="@AfterMethod afterEachTestMethod" time="0.0">
    <skipped/>
  </testcase> <!-- @AfterMethod afterEachTestMethod -->
  <testcase classname="base.BaseUtil" name="@BeforeMethod setUp" time="0.0">
    <skipped/>
  </testcase> <!-- @BeforeMethod setUp -->
  <testcase classname="base.BaseUtil" name="@BeforeMethod startExtent" time="0.0">
    <skipped/>
  </testcase> <!-- @BeforeMethod startExtent -->
  <testcase classname="testhomepage.TestHomePage" name="@BeforeMethod initElements" time="0.0">
    <skipped/>
  </testcase> <!-- @BeforeMethod initElements -->
  <testcase classname="base.BaseUtil" name="@AfterMethod afterEachTestMethod" time="0.0">
    <skipped/>
  </testcase> <!-- @AfterMethod afterEachTestMethod -->
  <testcase classname="base.BaseUtil" name="@BeforeMethod setUp" time="0.0">
    <skipped/>
  </testcase> <!-- @BeforeMethod setUp -->
  <testcase classname="base.BaseUtil" name="@BeforeMethod startExtent" time="0.0">
    <skipped/>
  </testcase> <!-- @BeforeMethod startExtent -->
  <testcase classname="testhomepage.TestHomePage" name="@BeforeMethod initElements" time="0.0">
    <skipped/>
  </testcase> <!-- @BeforeMethod initElements -->
  <testcase classname="base.BaseUtil" name="@AfterMethod afterEachTestMethod" time="0.0">
    <skipped/>
  </testcase> <!-- @AfterMethod afterEachTestMethod -->
  <testcase classname="base.BaseUtil" name="@BeforeMethod setUp" time="0.0">
    <skipped/>
  </testcase> <!-- @BeforeMethod setUp -->
  <testcase classname="base.BaseUtil" name="@BeforeMethod startExtent" time="0.0">
    <skipped/>
  </testcase> <!-- @BeforeMethod startExtent -->
  <testcase classname="testhomepage.TestHomePage" name="@BeforeMethod initElements" time="0.0">
    <skipped/>
  </testcase> <!-- @BeforeMethod initElements -->
  <testcase classname="base.BaseUtil" name="@AfterMethod afterEachTestMethod" time="0.0">
    <skipped/>
  </testcase> <!-- @AfterMethod afterEachTestMethod -->
  <testcase classname="base.BaseUtil" name="@BeforeMethod setUp" time="0.0">
    <skipped/>
  </testcase> <!-- @BeforeMethod setUp -->
  <testcase classname="base.BaseUtil" name="@BeforeMethod startExtent" time="0.0">
    <skipped/>
  </testcase> <!-- @BeforeMethod startExtent -->
  <testcase classname="testhomepage.TestHomePage" name="@BeforeMethod initElements" time="0.0">
    <skipped/>
  </testcase> <!-- @BeforeMethod initElements -->
  <testcase classname="base.BaseUtil" name="@AfterMethod afterEachTestMethod" time="0.0">
    <skipped/>
  </testcase> <!-- @AfterMethod afterEachTestMethod -->
  <testcase classname="base.BaseUtil" name="@BeforeMethod setUp" time="0.0">
    <skipped/>
  </testcase> <!-- @BeforeMethod setUp -->
  <testcase classname="base.BaseUtil" name="@BeforeMethod startExtent" time="0.0">
    <skipped/>
  </testcase> <!-- @BeforeMethod startExtent -->
  <testcase classname="testhomepage.TestHomePage" name="@BeforeMethod initElements" time="0.0">
    <skipped/>
  </testcase> <!-- @BeforeMethod initElements -->
  <testcase classname="base.BaseUtil" name="@AfterMethod afterEachTestMethod" time="0.0">
    <skipped/>
  </testcase> <!-- @AfterMethod afterEachTestMethod -->
  <testcase classname="base.BaseUtil" name="@BeforeMethod setUp" time="0.0">
    <skipped/>
  </testcase> <!-- @BeforeMethod setUp -->
  <testcase classname="base.BaseUtil" name="@BeforeMethod startExtent" time="0.0">
    <skipped/>
  </testcase> <!-- @BeforeMethod startExtent -->
  <testcase classname="testhomepage.TestHomePage" name="@BeforeMethod initElements" time="0.0">
    <skipped/>
  </testcase> <!-- @BeforeMethod initElements -->
  <testcase classname="base.BaseUtil" name="@AfterMethod afterEachTestMethod" time="0.0">
    <skipped/>
  </testcase> <!-- @AfterMethod afterEachTestMethod -->
  <testcase classname="base.BaseUtil" name="@BeforeMethod setUp" time="0.0">
    <skipped/>
  </testcase> <!-- @BeforeMethod setUp -->
  <testcase classname="base.BaseUtil" name="@BeforeMethod startExtent" time="0.0">
    <skipped/>
  </testcase> <!-- @BeforeMethod startExtent -->
  <testcase classname="testhomepage.TestHomePage" name="@BeforeMethod initElements" time="0.0">
    <skipped/>
  </testcase> <!-- @BeforeMethod initElements -->
  <testcase classname="base.BaseUtil" name="@AfterMethod afterEachTestMethod" time="0.0">
    <skipped/>
  </testcase> <!-- @AfterMethod afterEachTestMethod -->
  <testcase classname="base.BaseUtil" name="@BeforeMethod setUp" time="0.0">
    <skipped/>
  </testcase> <!-- @BeforeMethod setUp -->
  <testcase classname="base.BaseUtil" name="@BeforeMethod startExtent" time="0.0">
    <skipped/>
  </testcase> <!-- @BeforeMethod startExtent -->
  <testcase classname="testhomepage.TestHomePage" name="@BeforeMethod initElements" time="0.0">
    <skipped/>
  </testcase> <!-- @BeforeMethod initElements -->
  <testcase classname="base.BaseUtil" name="@AfterMethod afterEachTestMethod" time="0.0">
    <skipped/>
  </testcase> <!-- @AfterMethod afterEachTestMethod -->
  <testcase classname="base.BaseUtil" name="@BeforeMethod setUp" time="0.0">
    <skipped/>
  </testcase> <!-- @BeforeMethod setUp -->
  <testcase classname="base.BaseUtil" name="@BeforeMethod startExtent" time="0.0">
    <skipped/>
  </testcase> <!-- @BeforeMethod startExtent -->
  <testcase classname="testhomepage.TestHomePage" name="@BeforeMethod initElements" time="0.0">
    <skipped/>
  </testcase> <!-- @BeforeMethod initElements -->
  <testcase classname="base.BaseUtil" name="@AfterMethod afterEachTestMethod" time="0.0">
    <skipped/>
  </testcase> <!-- @AfterMethod afterEachTestMethod -->
  <testcase classname="base.BaseUtil" name="@BeforeMethod setUp" time="0.0">
    <skipped/>
  </testcase> <!-- @BeforeMethod setUp -->
  <testcase classname="base.BaseUtil" name="@BeforeMethod startExtent" time="0.0">
    <skipped/>
  </testcase> <!-- @BeforeMethod startExtent -->
  <testcase classname="testhomepage.TestHomePage" name="@BeforeMethod initElements" time="0.0">
    <skipped/>
  </testcase> <!-- @BeforeMethod initElements -->
  <testcase classname="base.BaseUtil" name="@AfterMethod afterEachTestMethod" time="0.0">
    <skipped/>
  </testcase> <!-- @AfterMethod afterEachTestMethod -->
  <testcase classname="base.BaseUtil" name="@BeforeMethod setUp" time="0.0">
    <skipped/>
  </testcase> <!-- @BeforeMethod setUp -->
  <testcase classname="base.BaseUtil" name="@BeforeMethod startExtent" time="0.0">
    <skipped/>
  </testcase> <!-- @BeforeMethod startExtent -->
  <testcase classname="testhomepage.TestHomePage" name="@BeforeMethod initElements" time="0.0">
    <skipped/>
  </testcase> <!-- @BeforeMethod initElements -->
  <testcase classname="base.BaseUtil" name="@AfterMethod afterEachTestMethod" time="0.0">
    <skipped/>
  </testcase> <!-- @AfterMethod afterEachTestMethod -->
  <testcase classname="base.BaseUtil" name="@BeforeMethod setUp" time="0.0">
    <skipped/>
  </testcase> <!-- @BeforeMethod setUp -->
  <testcase classname="base.BaseUtil" name="@BeforeMethod startExtent" time="0.0">
    <skipped/>
  </testcase> <!-- @BeforeMethod startExtent -->
  <testcase classname="testhomepage.TestHomePage" name="@BeforeMethod initElements" time="0.0">
    <skipped/>
  </testcase> <!-- @BeforeMethod initElements -->
  <testcase classname="base.BaseUtil" name="@AfterMethod afterEachTestMethod" time="0.0">
    <skipped/>
  </testcase> <!-- @AfterMethod afterEachTestMethod -->
  <testcase classname="base.BaseUtil" name="@BeforeMethod setUp" time="0.0">
    <skipped/>
  </testcase> <!-- @BeforeMethod setUp -->
  <testcase classname="base.BaseUtil" name="@BeforeMethod startExtent" time="0.0">
    <skipped/>
  </testcase> <!-- @BeforeMethod startExtent -->
  <testcase classname="testhomepage.TestHomePage" name="@BeforeMethod initElements" time="0.0">
    <skipped/>
  </testcase> <!-- @BeforeMethod initElements -->
  <testcase classname="base.BaseUtil" name="@AfterMethod afterEachTestMethod" time="0.0">
    <skipped/>
  </testcase> <!-- @AfterMethod afterEachTestMethod -->
  <testcase classname="base.BaseUtil" name="@BeforeMethod setUp" time="0.0">
    <skipped/>
  </testcase> <!-- @BeforeMethod setUp -->
  <testcase classname="base.BaseUtil" name="@BeforeMethod startExtent" time="0.0">
    <skipped/>
  </testcase> <!-- @BeforeMethod startExtent -->
  <testcase classname="testhomepage.TestHomePage" name="@BeforeMethod initElements" time="0.0">
    <skipped/>
  </testcase> <!-- @BeforeMethod initElements -->
  <testcase classname="base.BaseUtil" name="@AfterMethod afterEachTestMethod" time="0.0">
    <skipped/>
  </testcase> <!-- @AfterMethod afterEachTestMethod -->
  <testcase classname="base.BaseUtil" name="@BeforeMethod setUp" time="0.0">
    <skipped/>
  </testcase> <!-- @BeforeMethod setUp -->
  <testcase classname="base.BaseUtil" name="@BeforeMethod startExtent" time="0.0">
    <skipped/>
  </testcase> <!-- @BeforeMethod startExtent -->
  <testcase classname="testhomepage.TestHomePage" name="@BeforeMethod initElements" time="0.0">
    <skipped/>
  </testcase> <!-- @BeforeMethod initElements -->
  <testcase classname="base.BaseUtil" name="@AfterMethod afterEachTestMethod" time="0.0">
    <skipped/>
  </testcase> <!-- @AfterMethod afterEachTestMethod -->
  <testcase classname="base.BaseUtil" name="@BeforeMethod setUp" time="0.0">
    <skipped/>
  </testcase> <!-- @BeforeMethod setUp -->
  <testcase classname="base.BaseUtil" name="@BeforeMethod startExtent" time="0.0">
    <skipped/>
  </testcase> <!-- @BeforeMethod startExtent -->
  <testcase classname="testhomepage.TestHomePage" name="@BeforeMethod initElements" time="0.0">
    <skipped/>
  </testcase> <!-- @BeforeMethod initElements -->
  <testcase classname="base.BaseUtil" name="@AfterMethod afterEachTestMethod" time="0.0">
    <skipped/>
  </testcase> <!-- @AfterMethod afterEachTestMethod -->
  <testcase classname="base.BaseUtil" name="@BeforeMethod setUp" time="0.0">
    <skipped/>
  </testcase> <!-- @BeforeMethod setUp -->
  <testcase classname="base.BaseUtil" name="@BeforeMethod startExtent" time="0.0">
    <skipped/>
  </testcase> <!-- @BeforeMethod startExtent -->
  <testcase classname="testhomepage.TestHomePage" name="@BeforeMethod initElements" time="0.0">
    <skipped/>
  </testcase> <!-- @BeforeMethod initElements -->
  <testcase classname="base.BaseUtil" name="@AfterMethod afterEachTestMethod" time="0.0">
    <skipped/>
  </testcase> <!-- @AfterMethod afterEachTestMethod -->
  <testcase classname="base.BaseUtil" name="@BeforeMethod setUp" time="0.0">
    <skipped/>
  </testcase> <!-- @BeforeMethod setUp -->
  <testcase classname="base.BaseUtil" name="@BeforeMethod startExtent" time="0.0">
    <skipped/>
  </testcase> <!-- @BeforeMethod startExtent -->
  <testcase classname="testhomepage.TestHomePage" name="@BeforeMethod initElements" time="0.0">
    <skipped/>
  </testcase> <!-- @BeforeMethod initElements -->
  <testcase classname="base.BaseUtil" name="@AfterMethod afterEachTestMethod" time="0.0">
    <skipped/>
  </testcase> <!-- @AfterMethod afterEachTestMethod -->
  <testcase classname="base.BaseUtil" name="@BeforeMethod setUp" time="0.0">
    <skipped/>
  </testcase> <!-- @BeforeMethod setUp -->
  <testcase classname="base.BaseUtil" name="@BeforeMethod startExtent" time="0.0">
    <skipped/>
  </testcase> <!-- @BeforeMethod startExtent -->
  <testcase classname="testhomepage.TestHomePage" name="@BeforeMethod initElements" time="0.0">
    <skipped/>
  </testcase> <!-- @BeforeMethod initElements -->
  <testcase classname="base.BaseUtil" name="@AfterMethod afterEachTestMethod" time="0.0">
    <skipped/>
  </testcase> <!-- @AfterMethod afterEachTestMethod -->
  <testcase classname="base.BaseUtil" name="@BeforeMethod setUp" time="0.0">
    <skipped/>
  </testcase> <!-- @BeforeMethod setUp -->
  <testcase classname="base.BaseUtil" name="@BeforeMethod startExtent" time="0.0">
    <skipped/>
  </testcase> <!-- @BeforeMethod startExtent -->
  <testcase classname="testhomepage.TestHomePage" name="@BeforeMethod initElements" time="0.0">
    <skipped/>
  </testcase> <!-- @BeforeMethod initElements -->
  <testcase classname="base.BaseUtil" name="@AfterMethod afterEachTestMethod" time="0.0">
    <skipped/>
  </testcase> <!-- @AfterMethod afterEachTestMethod -->
  <testcase classname="base.BaseUtil" name="@BeforeMethod setUp" time="0.0">
    <skipped/>
  </testcase> <!-- @BeforeMethod setUp -->
  <testcase classname="base.BaseUtil" name="@BeforeMethod startExtent" time="0.0">
    <skipped/>
  </testcase> <!-- @BeforeMethod startExtent -->
  <testcase classname="testhomepage.TestHomePage" name="@BeforeMethod initElements" time="0.0">
    <skipped/>
  </testcase> <!-- @BeforeMethod initElements -->
  <testcase classname="base.BaseUtil" name="@AfterMethod afterEachTestMethod" time="0.0">
    <skipped/>
  </testcase> <!-- @AfterMethod afterEachTestMethod -->
  <testcase classname="base.BaseUtil" name="@BeforeMethod setUp" time="0.0">
    <skipped/>
  </testcase> <!-- @BeforeMethod setUp -->
  <testcase classname="base.BaseUtil" name="@BeforeMethod startExtent" time="0.0">
    <skipped/>
  </testcase> <!-- @BeforeMethod startExtent -->
  <testcase classname="testhomepage.TestHomePage" name="@BeforeMethod initElements" time="0.0">
    <skipped/>
  </testcase> <!-- @BeforeMethod initElements -->
  <testcase classname="base.BaseUtil" name="@AfterMethod afterEachTestMethod" time="0.0">
    <skipped/>
  </testcase> <!-- @AfterMethod afterEachTestMethod -->
  <testcase classname="base.BaseUtil" name="@BeforeMethod setUp" time="0.0">
    <skipped/>
  </testcase> <!-- @BeforeMethod setUp -->
  <testcase classname="base.BaseUtil" name="@BeforeMethod startExtent" time="0.0">
    <skipped/>
  </testcase> <!-- @BeforeMethod startExtent -->
  <testcase classname="testhomepage.TestHomePage" name="@BeforeMethod initElements" time="0.0">
    <skipped/>
  </testcase> <!-- @BeforeMethod initElements -->
  <testcase classname="base.BaseUtil" name="@AfterMethod afterEachTestMethod" time="0.0">
    <skipped/>
  </testcase> <!-- @AfterMethod afterEachTestMethod -->
  <testcase classname="base.BaseUtil" name="@BeforeMethod setUp" time="0.0">
    <skipped/>
  </testcase> <!-- @BeforeMethod setUp -->
  <testcase classname="base.BaseUtil" name="@BeforeMethod startExtent" time="0.0">
    <skipped/>
  </testcase> <!-- @BeforeMethod startExtent -->
  <testcase classname="testhomepage.TestHomePage" name="@BeforeMethod initElements" time="0.0">
    <skipped/>
  </testcase> <!-- @BeforeMethod initElements -->
  <testcase classname="base.BaseUtil" name="@AfterMethod afterEachTestMethod" time="0.0">
    <skipped/>
  </testcase> <!-- @AfterMethod afterEachTestMethod -->
  <testcase classname="base.BaseUtil" name="@BeforeMethod setUp" time="0.0">
    <skipped/>
  </testcase> <!-- @BeforeMethod setUp -->
  <testcase classname="base.BaseUtil" name="@BeforeMethod startExtent" time="0.0">
    <skipped/>
  </testcase> <!-- @BeforeMethod startExtent -->
  <testcase classname="testhomepage.TestHomePage" name="@BeforeMethod initElements" time="0.0">
    <skipped/>
  </testcase> <!-- @BeforeMethod initElements -->
  <testcase classname="base.BaseUtil" name="@AfterMethod afterEachTestMethod" time="0.0">
    <skipped/>
  </testcase> <!-- @AfterMethod afterEachTestMethod -->
  <testcase classname="base.BaseUtil" name="@BeforeMethod setUp" time="0.0">
    <skipped/>
  </testcase> <!-- @BeforeMethod setUp -->
  <testcase classname="base.BaseUtil" name="@BeforeMethod startExtent" time="0.0">
    <skipped/>
  </testcase> <!-- @BeforeMethod startExtent -->
  <testcase classname="testhomepage.TestHomePage" name="@BeforeMethod initElements" time="0.0">
    <skipped/>
  </testcase> <!-- @BeforeMethod initElements -->
  <testcase classname="base.BaseUtil" name="@AfterMethod afterEachTestMethod" time="0.0">
    <skipped/>
  </testcase> <!-- @AfterMethod afterEachTestMethod -->
  <testcase classname="base.BaseUtil" name="@BeforeMethod setUp" time="0.0">
    <skipped/>
  </testcase> <!-- @BeforeMethod setUp -->
  <testcase classname="base.BaseUtil" name="@BeforeMethod startExtent" time="0.0">
    <skipped/>
  </testcase> <!-- @BeforeMethod startExtent -->
  <testcase classname="testhomepage.TestHomePage" name="@BeforeMethod initElements" time="0.0">
    <skipped/>
  </testcase> <!-- @BeforeMethod initElements -->
  <testcase classname="base.BaseUtil" name="@AfterMethod afterEachTestMethod" time="0.0">
    <skipped/>
  </testcase> <!-- @AfterMethod afterEachTestMethod -->
  <testcase classname="base.BaseUtil" name="@BeforeMethod setUp" time="0.0">
    <skipped/>
  </testcase> <!-- @BeforeMethod setUp -->
  <testcase classname="base.BaseUtil" name="@BeforeMethod startExtent" time="0.0">
    <skipped/>
  </testcase> <!-- @BeforeMethod startExtent -->
  <testcase classname="testhomepage.TestHomePage" name="@BeforeMethod initElements" time="0.0">
    <skipped/>
  </testcase> <!-- @BeforeMethod initElements -->
  <testcase classname="base.BaseUtil" name="@AfterMethod afterEachTestMethod" time="0.0">
    <skipped/>
  </testcase> <!-- @AfterMethod afterEachTestMethod -->
  <testcase classname="base.BaseUtil" name="@BeforeMethod setUp" time="0.0">
    <skipped/>
  </testcase> <!-- @BeforeMethod setUp -->
  <testcase classname="base.BaseUtil" name="@BeforeMethod startExtent" time="0.0">
    <skipped/>
  </testcase> <!-- @BeforeMethod startExtent -->
  <testcase classname="testhomepage.TestHomePage" name="@BeforeMethod initElements" time="0.0">
    <skipped/>
  </testcase> <!-- @BeforeMethod initElements -->
  <testcase classname="base.BaseUtil" name="@AfterMethod afterEachTestMethod" time="0.0">
    <skipped/>
  </testcase> <!-- @AfterMethod afterEachTestMethod -->
  <testcase classname="base.BaseUtil" name="@BeforeMethod setUp" time="0.0">
    <skipped/>
  </testcase> <!-- @BeforeMethod setUp -->
  <testcase classname="base.BaseUtil" name="@BeforeMethod startExtent" time="0.0">
    <skipped/>
  </testcase> <!-- @BeforeMethod startExtent -->
  <testcase classname="testhomepage.TestHomePage" name="@BeforeMethod initElements" time="0.0">
    <skipped/>
  </testcase> <!-- @BeforeMethod initElements -->
  <testcase classname="base.BaseUtil" name="@AfterMethod afterEachTestMethod" time="0.0">
    <skipped/>
  </testcase> <!-- @AfterMethod afterEachTestMethod -->
  <testcase classname="base.BaseUtil" name="@BeforeMethod setUp" time="0.0">
    <skipped/>
  </testcase> <!-- @BeforeMethod setUp -->
  <testcase classname="base.BaseUtil" name="@BeforeMethod startExtent" time="0.0">
    <skipped/>
  </testcase> <!-- @BeforeMethod startExtent -->
  <testcase classname="testhomepage.TestHomePage" name="@BeforeMethod initElements" time="0.0">
    <skipped/>
  </testcase> <!-- @BeforeMethod initElements -->
  <testcase classname="base.BaseUtil" name="@AfterMethod afterEachTestMethod" time="0.0">
    <skipped/>
  </testcase> <!-- @AfterMethod afterEachTestMethod -->
  <testcase classname="base.BaseUtil" name="@BeforeMethod setUp" time="0.0">
    <skipped/>
  </testcase> <!-- @BeforeMethod setUp -->
  <testcase classname="base.BaseUtil" name="@BeforeMethod startExtent" time="0.0">
    <skipped/>
  </testcase> <!-- @BeforeMethod startExtent -->
  <testcase classname="testhomepage.TestHomePage" name="@BeforeMethod initElements" time="0.0">
    <skipped/>
  </testcase> <!-- @BeforeMethod initElements -->
  <testcase classname="base.BaseUtil" name="@AfterMethod afterEachTestMethod" time="0.0">
    <skipped/>
  </testcase> <!-- @AfterMethod afterEachTestMethod -->
  <testcase classname="base.BaseUtil" name="@BeforeMethod setUp" time="0.0">
    <skipped/>
  </testcase> <!-- @BeforeMethod setUp -->
  <testcase classname="base.BaseUtil" name="@BeforeMethod startExtent" time="0.0">
    <skipped/>
  </testcase> <!-- @BeforeMethod startExtent -->
  <testcase classname="testhomepage.TestHomePage" name="@BeforeMethod initElements" time="0.0">
    <skipped/>
  </testcase> <!-- @BeforeMethod initElements -->
  <testcase classname="base.BaseUtil" name="@AfterMethod afterEachTestMethod" time="0.0">
    <skipped/>
  </testcase> <!-- @AfterMethod afterEachTestMethod -->
  <testcase classname="base.BaseUtil" name="@BeforeMethod setUp" time="0.0">
    <skipped/>
  </testcase> <!-- @BeforeMethod setUp -->
  <testcase classname="base.BaseUtil" name="@BeforeMethod startExtent" time="0.0">
    <skipped/>
  </testcase> <!-- @BeforeMethod startExtent -->
  <testcase classname="testhomepage.TestHomePage" name="@BeforeMethod initElements" time="0.0">
    <skipped/>
  </testcase> <!-- @BeforeMethod initElements -->
  <testcase classname="base.BaseUtil" name="@AfterMethod afterEachTestMethod" time="0.0">
    <skipped/>
  </testcase> <!-- @AfterMethod afterEachTestMethod -->
  <testcase classname="base.BaseUtil" name="@BeforeMethod setUp" time="0.0">
    <skipped/>
  </testcase> <!-- @BeforeMethod setUp -->
  <testcase classname="base.BaseUtil" name="@BeforeMethod startExtent" time="0.0">
    <skipped/>
  </testcase> <!-- @BeforeMethod startExtent -->
  <testcase classname="testhomepage.TestHomePage" name="@BeforeMethod initElements" time="0.0">
    <skipped/>
  </testcase> <!-- @BeforeMethod initElements -->
  <testcase classname="base.BaseUtil" name="@AfterMethod afterEachTestMethod" time="0.0">
    <skipped/>
  </testcase> <!-- @AfterMethod afterEachTestMethod -->
  <testcase classname="base.BaseUtil" name="@BeforeMethod setUp" time="0.0">
    <skipped/>
  </testcase> <!-- @BeforeMethod setUp -->
  <testcase classname="base.BaseUtil" name="@BeforeMethod startExtent" time="0.0">
    <skipped/>
  </testcase> <!-- @BeforeMethod startExtent -->
  <testcase classname="testhomepage.TestHomePage" name="@BeforeMethod initElements" time="0.0">
    <skipped/>
  </testcase> <!-- @BeforeMethod initElements -->
  <testcase classname="base.BaseUtil" name="@AfterMethod afterEachTestMethod" time="0.0">
    <skipped/>
  </testcase> <!-- @AfterMethod afterEachTestMethod -->
  <testcase classname="base.BaseUtil" name="@BeforeMethod setUp" time="0.0">
    <skipped/>
  </testcase> <!-- @BeforeMethod setUp -->
  <testcase classname="base.BaseUtil" name="@BeforeMethod startExtent" time="0.0">
    <skipped/>
  </testcase> <!-- @BeforeMethod startExtent -->
  <testcase classname="testhomepage.TestHomePage" name="@BeforeMethod initElements" time="0.0">
    <skipped/>
  </testcase> <!-- @BeforeMethod initElements -->
  <testcase classname="base.BaseUtil" name="@AfterMethod afterEachTestMethod" time="0.0">
    <skipped/>
  </testcase> <!-- @AfterMethod afterEachTestMethod -->
  <testcase classname="base.BaseUtil" name="@BeforeMethod setUp" time="0.0">
    <skipped/>
  </testcase> <!-- @BeforeMethod setUp -->
  <testcase classname="base.BaseUtil" name="@BeforeMethod startExtent" time="0.0">
    <skipped/>
  </testcase> <!-- @BeforeMethod startExtent -->
  <testcase classname="testhomepage.TestHomePage" name="@BeforeMethod initElements" time="0.0">
    <skipped/>
  </testcase> <!-- @BeforeMethod initElements -->
  <testcase classname="base.BaseUtil" name="@AfterMethod afterEachTestMethod" time="0.0">
    <skipped/>
  </testcase> <!-- @AfterMethod afterEachTestMethod -->
  <testcase classname="base.BaseUtil" name="@BeforeMethod setUp" time="0.0">
    <skipped/>
  </testcase> <!-- @BeforeMethod setUp -->
  <testcase classname="base.BaseUtil" name="@BeforeMethod startExtent" time="0.0">
    <skipped/>
  </testcase> <!-- @BeforeMethod startExtent -->
  <testcase classname="testhomepage.TestHomePage" name="@BeforeMethod initElements" time="0.0">
    <skipped/>
  </testcase> <!-- @BeforeMethod initElements -->
  <testcase classname="base.BaseUtil" name="@AfterMethod afterEachTestMethod" time="0.0">
    <skipped/>
  </testcase> <!-- @AfterMethod afterEachTestMethod -->
  <testcase classname="base.BaseUtil" name="@BeforeMethod setUp" time="0.0">
    <skipped/>
  </testcase> <!-- @BeforeMethod setUp -->
  <testcase classname="base.BaseUtil" name="@BeforeMethod startExtent" time="0.0">
    <skipped/>
  </testcase> <!-- @BeforeMethod startExtent -->
  <testcase classname="testhomepage.TestHomePage" name="@BeforeMethod initElements" time="0.0">
    <skipped/>
  </testcase> <!-- @BeforeMethod initElements -->
  <testcase classname="base.BaseUtil" name="@AfterMethod afterEachTestMethod" time="0.0">
    <skipped/>
  </testcase> <!-- @AfterMethod afterEachTestMethod -->
  <testcase classname="base.BaseUtil" name="@BeforeMethod setUp" time="0.0">
    <skipped/>
  </testcase> <!-- @BeforeMethod setUp -->
  <testcase classname="base.BaseUtil" name="@BeforeMethod startExtent" time="0.0">
    <skipped/>
  </testcase> <!-- @BeforeMethod startExtent -->
  <testcase classname="testhomepage.TestHomePage" name="@BeforeMethod initElements" time="0.0">
    <skipped/>
  </testcase> <!-- @BeforeMethod initElements -->
  <testcase classname="base.BaseUtil" name="@AfterMethod afterEachTestMethod" time="0.0">
    <skipped/>
  </testcase> <!-- @AfterMethod afterEachTestMethod -->
  <testcase classname="base.BaseUtil" name="@BeforeMethod setUp" time="0.0">
    <skipped/>
  </testcase> <!-- @BeforeMethod setUp -->
  <testcase classname="base.BaseUtil" name="@BeforeMethod startExtent" time="0.0">
    <skipped/>
  </testcase> <!-- @BeforeMethod startExtent -->
  <testcase classname="testhomepage.TestHomePage" name="@BeforeMethod initElements" time="0.0">
    <skipped/>
  </testcase> <!-- @BeforeMethod initElements -->
  <testcase classname="base.BaseUtil" name="@AfterMethod afterEachTestMethod" time="0.0">
    <skipped/>
  </testcase> <!-- @AfterMethod afterEachTestMethod -->
  <testcase classname="base.BaseUtil" name="@BeforeMethod setUp" time="0.0">
    <skipped/>
  </testcase> <!-- @BeforeMethod setUp -->
  <testcase classname="base.BaseUtil" name="@BeforeMethod startExtent" time="0.0">
    <skipped/>
  </testcase> <!-- @BeforeMethod startExtent -->
  <testcase classname="testhomepage.TestHomePage" name="@BeforeMethod initElements" time="0.0">
    <skipped/>
  </testcase> <!-- @BeforeMethod initElements -->
  <testcase classname="base.BaseUtil" name="@AfterMethod afterEachTestMethod" time="0.0">
    <skipped/>
  </testcase> <!-- @AfterMethod afterEachTestMethod -->
  <testcase classname="base.BaseUtil" name="@BeforeMethod setUp" time="0.0">
    <skipped/>
  </testcase> <!-- @BeforeMethod setUp -->
  <testcase classname="base.BaseUtil" name="@BeforeMethod startExtent" time="0.0">
    <skipped/>
  </testcase> <!-- @BeforeMethod startExtent -->
  <testcase classname="testhomepage.TestHomePage" name="@BeforeMethod initElements" time="0.0">
    <skipped/>
  </testcase> <!-- @BeforeMethod initElements -->
  <testcase classname="base.BaseUtil" name="@AfterMethod afterEachTestMethod" time="0.0">
    <skipped/>
  </testcase> <!-- @AfterMethod afterEachTestMethod -->
  <testcase classname="base.BaseUtil" name="@BeforeMethod setUp" time="0.0">
    <skipped/>
  </testcase> <!-- @BeforeMethod setUp -->
  <testcase classname="base.BaseUtil" name="@BeforeMethod startExtent" time="0.0">
    <skipped/>
  </testcase> <!-- @BeforeMethod startExtent -->
  <testcase classname="testhomepage.TestHomePage" name="@BeforeMethod initElements" time="0.0">
    <skipped/>
  </testcase> <!-- @BeforeMethod initElements -->
  <testcase classname="base.BaseUtil" name="@AfterMethod afterEachTestMethod" time="0.0">
    <skipped/>
  </testcase> <!-- @AfterMethod afterEachTestMethod -->
  <testcase classname="base.BaseUtil" name="@BeforeMethod setUp" time="0.0">
    <skipped/>
  </testcase> <!-- @BeforeMethod setUp -->
  <testcase classname="base.BaseUtil" name="@BeforeMethod startExtent" time="0.0">
    <skipped/>
  </testcase> <!-- @BeforeMethod startExtent -->
  <testcase classname="testhomepage.TestHomePage" name="@BeforeMethod initElements" time="0.0">
    <skipped/>
  </testcase> <!-- @BeforeMethod initElements -->
  <testcase classname="base.BaseUtil" name="@AfterMethod afterEachTestMethod" time="0.0">
    <skipped/>
  </testcase> <!-- @AfterMethod afterEachTestMethod -->
  <testcase classname="base.BaseUtil" name="@BeforeMethod setUp" time="0.0">
    <skipped/>
  </testcase> <!-- @BeforeMethod setUp -->
  <testcase classname="base.BaseUtil" name="@BeforeMethod startExtent" time="0.0">
    <skipped/>
  </testcase> <!-- @BeforeMethod startExtent -->
  <testcase classname="testhomepage.TestHomePage" name="@BeforeMethod initElements" time="0.0">
    <skipped/>
  </testcase> <!-- @BeforeMethod initElements -->
  <testcase classname="base.BaseUtil" name="@AfterMethod afterEachTestMethod" time="0.0">
    <skipped/>
  </testcase> <!-- @AfterMethod afterEachTestMethod -->
  <testcase classname="base.BaseUtil" name="@BeforeMethod setUp" time="0.0">
    <skipped/>
  </testcase> <!-- @BeforeMethod setUp -->
  <testcase classname="base.BaseUtil" name="@BeforeMethod startExtent" time="0.0">
    <skipped/>
  </testcase> <!-- @BeforeMethod startExtent -->
  <testcase classname="testhomepage.TestHomePage" name="@BeforeMethod initElements" time="0.0">
    <skipped/>
  </testcase> <!-- @BeforeMethod initElements -->
  <testcase classname="base.BaseUtil" name="@AfterMethod afterEachTestMethod" time="0.0">
    <skipped/>
  </testcase> <!-- @AfterMethod afterEachTestMethod -->
  <testcase classname="testhomepage.TestHomePage" name="testaboutUs" time="1.227"/>
  <testcase classname="testhomepage.TestHomePage" name="testaccessibility" time="0.949"/>
  <testcase classname="testhomepage.TestHomePage" name="testaccidentInsurance" time="1.597"/>
  <testcase classname="testhomepage.TestHomePage" name="testbrokerLink" time="0.406"/>
  <testcase classname="testhomepage.TestHomePage" name="testbrokerresources" time="0.578"/>
  <testcase classname="testhomepage.TestHomePage" name="testbuttonSearch" time="0.413"/>
  <testcase classname="testhomepage.TestHomePage" name="testcareControl" time="0.0">
    <skipped/>
  </testcase> <!-- testcareControl -->
  <testcase classname="testhomepage.TestHomePage" name="testcareer" time="0.0">
    <skipped/>
  </testcase> <!-- testcareer -->
  <testcase classname="testhomepage.TestHomePage" name="testcheckBenefits" time="0.0">
    <skipped/>
  </testcase> <!-- testcheckBenefits -->
  <testcase classname="testhomepage.TestHomePage" name="testcontactUs" time="0.0">
    <skipped/>
  </testcase> <!-- testcontactUs -->
  <testcase classname="testhomepage.TestHomePage" name="testdentalInsurance" time="0.0">
    <skipped/>
  </testcase> <!-- testdentalInsurance -->
  <testcase classname="testhomepage.TestHomePage" name="testdownloadApp" time="0.0">
    <skipped/>
  </testcase> <!-- testdownloadApp -->
  <testcase classname="testhomepage.TestHomePage" name="testemployerGroup" time="0.0">
    <skipped/>
  </testcase> <!-- testemployerGroup -->
  <testcase classname="testhomepage.TestHomePage" name="testemployerMenu" time="0.0">
    <skipped/>
  </testcase> <!-- testemployerMenu -->
  <testcase classname="testhomepage.TestHomePage" name="testemployerPlans" time="0.0">
    <skipped/>
  </testcase> <!-- testemployerPlans -->
  <testcase classname="testhomepage.TestHomePage" name="testfindaDoctor" time="0.0">
    <skipped/>
  </testcase> <!-- testfindaDoctor -->
  <testcase classname="testhomepage.TestHomePage" name="testfindanyDoctor" time="0.0">
    <skipped/>
  </testcase> <!-- testfindanyDoctor -->
  <testcase classname="testhomepage.TestHomePage" name="testfitnessLiving" time="0.0">
    <skipped/>
  </testcase> <!-- testfitnessLiving -->
  <testcase classname="testhomepage.TestHomePage" name="testglobalInsurance" time="0.0">
    <skipped/>
  </testcase> <!-- testglobalInsurance -->
  <testcase classname="testhomepage.TestHomePage" name="testhealthTopics" time="0.0">
    <skipped/>
  </testcase> <!-- testhealthTopics -->
  <testcase classname="testhomepage.TestHomePage" name="testhealthcareFraud" time="0.0">
    <skipped/>
  </testcase> <!-- testhealthcareFraud -->
  <testcase classname="testhomepage.TestHomePage" name="testhomeButton" time="0.0">
    <skipped/>
  </testcase> <!-- testhomeButton -->
  <testcase classname="testhomepage.TestHomePage" name="testhospitalAndDoctorInsurance" time="0.0">
    <skipped/>
  </testcase> <!-- testhospitalAndDoctorInsurance -->
  <testcase classname="testhomepage.TestHomePage" name="testhospitalInsurance" time="0.0">
    <skipped/>
  </testcase> <!-- testhospitalInsurance -->
  <testcase classname="testhomepage.TestHomePage" name="testillnessInsurance" time="0.0">
    <skipped/>
  </testcase> <!-- testillnessInsurance -->
  <testcase classname="testhomepage.TestHomePage" name="testimageHealth" time="0.0">
    <skipped/>
  </testcase> <!-- testimageHealth -->
  <testcase classname="testhomepage.TestHomePage" name="testindividualPlans" time="0.0">
    <skipped/>
  </testcase> <!-- testindividualPlans -->
  <testcase classname="testhomepage.TestHomePage" name="testkeySearch" time="0.0">
    <skipped/>
  </testcase> <!-- testkeySearch -->
  <testcase classname="testhomepage.TestHomePage" name="testlanguage" time="0.0">
    <skipped/>
  </testcase> <!-- testlanguage -->
  <testcase classname="testhomepage.TestHomePage" name="testlanguageNotice" time="0.0">
    <skipped/>
  </testcase> <!-- testlanguageNotice -->
  <testcase classname="testhomepage.TestHomePage" name="testlearnDental" time="0.0">
    <skipped/>
  </testcase> <!-- testlearnDental -->
  <testcase classname="testhomepage.TestHomePage" name="testlearnHealthINsurance" time="0.0">
    <skipped/>
  </testcase> <!-- testlearnHealthINsurance -->
  <testcase classname="testhomepage.TestHomePage" name="testlearnMedicaidPlans" time="0.0">
    <skipped/>
  </testcase> <!-- testlearnMedicaidPlans -->
  <testcase classname="testhomepage.TestHomePage" name="testlearnMore" time="0.0">
    <skipped/>
  </testcase> <!-- testlearnMore -->
  <testcase classname="testhomepage.TestHomePage" name="testlearnmoreBusiness" time="0.0">
    <skipped/>
  </testcase> <!-- testlearnmoreBusiness -->
  <testcase classname="testhomepage.TestHomePage" name="testlearnmoreMedicare" time="0.0">
    <skipped/>
  </testcase> <!-- testlearnmoreMedicare -->
  <testcase classname="testhomepage.TestHomePage" name="testlegalIssue" time="0.0">
    <skipped/>
  </testcase> <!-- testlegalIssue -->
  <testcase classname="testhomepage.TestHomePage" name="testloginButton" time="0.0">
    <skipped/>
  </testcase> <!-- testloginButton -->
  <testcase classname="testhomepage.TestHomePage" name="testmarketplaceInsurance" time="0.0">
    <skipped/>
  </testcase> <!-- testmarketplaceInsurance -->
  <testcase classname="testhomepage.TestHomePage" name="testmedicaidProduct" time="0.0">
    <skipped/>
  </testcase> <!-- testmedicaidProduct -->
  <testcase classname="testhomepage.TestHomePage" name="testmedicareLink" time="0.0">
    <skipped/>
  </testcase> <!-- testmedicareLink -->
  <testcase classname="testhomepage.TestHomePage" name="testmedicareMenu" time="0.0">
    <skipped/>
  </testcase> <!-- testmedicareMenu -->
  <testcase classname="testhomepage.TestHomePage" name="testmemberResource" time="0.0">
    <skipped/>
  </testcase> <!-- testmemberResource -->
  <testcase classname="testhomepage.TestHomePage" name="testmenubutton" time="0.0">
    <skipped/>
  </testcase> <!-- testmenubutton -->
  <testcase classname="testhomepage.TestHomePage" name="testnearbyClinic" time="0.0">
    <skipped/>
  </testcase> <!-- testnearbyClinic -->
  <testcase classname="testhomepage.TestHomePage" name="testnewsRoom" time="0.0">
    <skipped/>
  </testcase> <!-- testnewsRoom -->
  <testcase classname="testhomepage.TestHomePage" name="testnutritionLiving" time="0.0">
    <skipped/>
  </testcase> <!-- testnutritionLiving -->
  <testcase classname="testhomepage.TestHomePage" name="testopenEnrollment" time="0.0">
    <skipped/>
  </testcase> <!-- testopenEnrollment -->
  <testcase classname="testhomepage.TestHomePage" name="testplainGlossary" time="0.0">
    <skipped/>
  </testcase> <!-- testplainGlossary -->
  <testcase classname="testhomepage.TestHomePage" name="testprintidCard" time="0.0">
    <skipped/>
  </testcase> <!-- testprintidCard -->
  <testcase classname="testhomepage.TestHomePage" name="testprivacy" time="0.0">
    <skipped/>
  </testcase> <!-- testprivacy -->
  <testcase classname="testhomepage.TestHomePage" name="testprogramTools" time="0.0">
    <skipped/>
  </testcase> <!-- testprogramTools -->
  <testcase classname="testhomepage.TestHomePage" name="testproviderPortal" time="0.0">
    <skipped/>
  </testcase> <!-- testproviderPortal -->
  <testcase classname="testhomepage.TestHomePage" name="testsearchName" time="0.0">
    <skipped/>
  </testcase> <!-- testsearchName -->
  <testcase classname="testhomepage.TestHomePage" name="testseatchText" time="0.0">
    <skipped/>
  </testcase> <!-- testseatchText -->
  <testcase classname="testhomepage.TestHomePage" name="testseeLogo" time="0.0">
    <skipped/>
  </testcase> <!-- testseeLogo -->
  <testcase classname="testhomepage.TestHomePage" name="testshorttermHealth" time="0.0">
    <skipped/>
  </testcase> <!-- testshorttermHealth -->
  <testcase classname="testhomepage.TestHomePage" name="testsigninUHC" time="0.0">
    <skipped/>
  </testcase> <!-- testsigninUHC -->
  <testcase classname="testhomepage.TestHomePage" name="testsupplementInsurance" time="0.0">
    <skipped/>
  </testcase> <!-- testsupplementInsurance -->
  <testcase classname="testhomepage.TestHomePage" name="testtermLifeInsurance" time="0.0">
    <skipped/>
  </testcase> <!-- testtermLifeInsurance -->
  <testcase classname="testhomepage.TestHomePage" name="testtermsofUse" time="0.0">
    <skipped/>
  </testcase> <!-- testtermsofUse -->
  <testcase classname="testhomepage.TestHomePage" name="testtravelInsurance" time="0.0">
    <skipped/>
  </testcase> <!-- testtravelInsurance -->
  <testcase classname="testhomepage.TestHomePage" name="testtrytosignIn" time="0.0">
    <skipped/>
  </testcase> <!-- testtrytosignIn -->
  <testcase classname="testhomepage.TestHomePage" name="testunitedReform" time="0.0">
    <skipped/>
  </testcase> <!-- testunitedReform -->
  <testcase classname="testhomepage.TestHomePage" name="testvaluebasedCare" time="0.0">
    <skipped/>
  </testcase> <!-- testvaluebasedCare -->
  <testcase classname="testhomepage.TestHomePage" name="testviewDental" time="0.0">
    <skipped/>
  </testcase> <!-- testviewDental -->
  <testcase classname="testhomepage.TestHomePage" name="testviewHealthINsurance" time="0.0">
    <skipped/>
  </testcase> <!-- testviewHealthINsurance -->
  <testcase classname="testhomepage.TestHomePage" name="testviewclaimAccount" time="0.0">
    <skipped/>
  </testcase> <!-- testviewclaimAccount -->
  <testcase classname="testhomepage.TestHomePage" name="testviewdrugList" time="0.0">
    <skipped/>
  </testcase> <!-- testviewdrugList -->
  <testcase classname="testhomepage.TestHomePage" name="testviewindividualAndFamily" time="0.0">
    <skipped/>
  </testcase> <!-- testviewindividualAndFamily -->
  <testcase classname="testhomepage.TestHomePage" name="testvisionInsurance" time="0.0">
    <skipped/>
  </testcase> <!-- testvisionInsurance -->
  <testcase classname="testhomepage.TestHomePage" name="testvisionProduct" time="0.0">
    <skipped/>
  </testcase> <!-- testvisionProduct -->
</testsuite> <!-- Test -->
